[2025-02-11 11:00:51,119] {taskinstance.py:1159} INFO - Dependencies all met for <TaskInstance: grippe_ETL_pipeline.transform_vaccins2024 scheduled__2025-02-11T10:00:00+00:00 [queued]>
[2025-02-11 11:00:51,134] {taskinstance.py:1159} INFO - Dependencies all met for <TaskInstance: grippe_ETL_pipeline.transform_vaccins2024 scheduled__2025-02-11T10:00:00+00:00 [queued]>
[2025-02-11 11:00:51,134] {taskinstance.py:1356} INFO - 
--------------------------------------------------------------------------------
[2025-02-11 11:00:51,135] {taskinstance.py:1357} INFO - Starting attempt 1 of 4
[2025-02-11 11:00:51,135] {taskinstance.py:1358} INFO - 
--------------------------------------------------------------------------------
[2025-02-11 11:00:51,153] {taskinstance.py:1377} INFO - Executing <Task(PythonOperator): transform_vaccins2024> on 2025-02-11 10:00:00+00:00
[2025-02-11 11:00:51,159] {standard_task_runner.py:52} INFO - Started process 303 to run task
[2025-02-11 11:00:51,163] {standard_task_runner.py:79} INFO - Running: ['***', 'tasks', 'run', 'grippe_ETL_pipeline', 'transform_vaccins2024', 'scheduled__2025-02-11T10:00:00+00:00', '--job-id', '42', '--raw', '--subdir', 'DAGS_FOLDER/ETL_Vaccin.py', '--cfg-path', '/tmp/tmpav5hr6mv', '--error-file', '/tmp/tmpr2fyfw8l']
[2025-02-11 11:00:51,165] {standard_task_runner.py:80} INFO - Job 42: Subtask transform_vaccins2024
[2025-02-11 11:00:51,249] {task_command.py:370} INFO - Running <TaskInstance: grippe_ETL_pipeline.transform_vaccins2024 scheduled__2025-02-11T10:00:00+00:00 [running]> on host 976dfa0d1440
[2025-02-11 11:00:51,356] {taskinstance.py:1571} INFO - Exporting the following env vars:
AIRFLOW_CTX_DAG_OWNER=***
AIRFLOW_CTX_DAG_ID=grippe_ETL_pipeline
AIRFLOW_CTX_TASK_ID=transform_vaccins2024
AIRFLOW_CTX_EXECUTION_DATE=2025-02-11T10:00:00+00:00
AIRFLOW_CTX_TRY_NUMBER=1
AIRFLOW_CTX_DAG_RUN_ID=scheduled__2025-02-11T10:00:00+00:00
[2025-02-11 11:00:51,410] {logging_mixin.py:115} INFO - ✅ VACCINS2024 - Fichier TRANSFORMÉ sauvegardé : data/transformed_vaccins2024_20250211_110051.csv (52 lignes)
[2025-02-11 11:00:51,410] {python.py:173} INFO - Done. Returned value was: None
[2025-02-11 11:00:51,428] {taskinstance.py:1400} INFO - Marking task as SUCCESS. dag_id=grippe_ETL_pipeline, task_id=transform_vaccins2024, execution_date=20250211T100000, start_date=20250211T110051, end_date=20250211T110051
[2025-02-11 11:00:51,469] {local_task_job.py:156} INFO - Task exited with return code 0
[2025-02-11 11:00:51,521] {local_task_job.py:273} INFO - 1 downstream tasks scheduled from follow-on schedule check
