[2025-02-11 11:00:57,543] {taskinstance.py:1159} INFO - Dependencies all met for <TaskInstance: grippe_ETL_pipeline.transform_vaccins2023 manual__2025-02-11T11:00:46.370922+00:00 [queued]>
[2025-02-11 11:00:57,559] {taskinstance.py:1159} INFO - Dependencies all met for <TaskInstance: grippe_ETL_pipeline.transform_vaccins2023 manual__2025-02-11T11:00:46.370922+00:00 [queued]>
[2025-02-11 11:00:57,560] {taskinstance.py:1356} INFO - 
--------------------------------------------------------------------------------
[2025-02-11 11:00:57,560] {taskinstance.py:1357} INFO - Starting attempt 1 of 4
[2025-02-11 11:00:57,561] {taskinstance.py:1358} INFO - 
--------------------------------------------------------------------------------
[2025-02-11 11:00:57,582] {taskinstance.py:1377} INFO - Executing <Task(PythonOperator): transform_vaccins2023> on 2025-02-11 11:00:46.370922+00:00
[2025-02-11 11:00:57,587] {standard_task_runner.py:52} INFO - Started process 327 to run task
[2025-02-11 11:00:57,592] {standard_task_runner.py:79} INFO - Running: ['***', 'tasks', 'run', 'grippe_ETL_pipeline', 'transform_vaccins2023', 'manual__2025-02-11T11:00:46.370922+00:00', '--job-id', '48', '--raw', '--subdir', 'DAGS_FOLDER/ETL_Vaccin.py', '--cfg-path', '/tmp/tmp9zawb1y9', '--error-file', '/tmp/tmpxyll2dx2']
[2025-02-11 11:00:57,593] {standard_task_runner.py:80} INFO - Job 48: Subtask transform_vaccins2023
[2025-02-11 11:00:57,686] {task_command.py:370} INFO - Running <TaskInstance: grippe_ETL_pipeline.transform_vaccins2023 manual__2025-02-11T11:00:46.370922+00:00 [running]> on host 976dfa0d1440
[2025-02-11 11:00:57,799] {taskinstance.py:1571} INFO - Exporting the following env vars:
AIRFLOW_CTX_DAG_OWNER=***
AIRFLOW_CTX_DAG_ID=grippe_ETL_pipeline
AIRFLOW_CTX_TASK_ID=transform_vaccins2023
AIRFLOW_CTX_EXECUTION_DATE=2025-02-11T11:00:46.370922+00:00
AIRFLOW_CTX_TRY_NUMBER=1
AIRFLOW_CTX_DAG_RUN_ID=manual__2025-02-11T11:00:46.370922+00:00
[2025-02-11 11:00:57,865] {logging_mixin.py:115} INFO - ✅ VACCINS2023 - Fichier TRANSFORMÉ sauvegardé : data/transformed_vaccins2023_20250211_110057.csv (52 lignes)
[2025-02-11 11:00:57,866] {python.py:173} INFO - Done. Returned value was: None
[2025-02-11 11:00:57,890] {taskinstance.py:1400} INFO - Marking task as SUCCESS. dag_id=grippe_ETL_pipeline, task_id=transform_vaccins2023, execution_date=20250211T110046, start_date=20250211T110057, end_date=20250211T110057
[2025-02-11 11:00:57,937] {local_task_job.py:156} INFO - Task exited with return code 0
[2025-02-11 11:00:58,026] {local_task_job.py:273} INFO - 1 downstream tasks scheduled from follow-on schedule check
