[2025-02-11 10:58:47,412] {processor.py:153} INFO - Started process (PID=179) to work on /opt/airflow/dags/ETL_Vaccin.py
[2025-02-11 10:58:47,413] {processor.py:641} INFO - Processing file /opt/airflow/dags/ETL_Vaccin.py for tasks to queue
[2025-02-11 10:58:47,414] {logging_mixin.py:115} INFO - [2025-02-11 10:58:47,414] {dagbag.py:507} INFO - Filling up the DagBag from /opt/airflow/dags/ETL_Vaccin.py
[2025-02-11 10:58:49,720] {processor.py:651} INFO - DAG(s) dict_keys(['grippe_ETL_pipeline']) retrieved from /opt/airflow/dags/ETL_Vaccin.py
[2025-02-11 10:58:49,808] {logging_mixin.py:115} INFO - [2025-02-11 10:58:49,807] {dag.py:2379} INFO - Sync 1 DAGs
[2025-02-11 10:58:49,836] {logging_mixin.py:115} INFO - [2025-02-11 10:58:49,836] {dag.py:2931} INFO - Setting next_dagrun for grippe_ETL_pipeline to 2025-02-11T09:00:00+00:00, run_after=2025-02-11T10:00:00+00:00
[2025-02-11 10:58:49,859] {processor.py:161} INFO - Processing /opt/airflow/dags/ETL_Vaccin.py took 2.452 seconds
[2025-02-11 10:59:19,988] {processor.py:153} INFO - Started process (PID=203) to work on /opt/airflow/dags/ETL_Vaccin.py
[2025-02-11 10:59:19,989] {processor.py:641} INFO - Processing file /opt/airflow/dags/ETL_Vaccin.py for tasks to queue
[2025-02-11 10:59:19,990] {logging_mixin.py:115} INFO - [2025-02-11 10:59:19,990] {dagbag.py:507} INFO - Filling up the DagBag from /opt/airflow/dags/ETL_Vaccin.py
[2025-02-11 10:59:20,470] {processor.py:651} INFO - DAG(s) dict_keys(['grippe_ETL_pipeline']) retrieved from /opt/airflow/dags/ETL_Vaccin.py
[2025-02-11 10:59:20,498] {logging_mixin.py:115} INFO - [2025-02-11 10:59:20,497] {dag.py:2379} INFO - Sync 1 DAGs
[2025-02-11 10:59:20,524] {logging_mixin.py:115} INFO - [2025-02-11 10:59:20,524] {dag.py:2931} INFO - Setting next_dagrun for grippe_ETL_pipeline to 2025-02-11T09:00:00+00:00, run_after=2025-02-11T10:00:00+00:00
[2025-02-11 10:59:20,538] {processor.py:161} INFO - Processing /opt/airflow/dags/ETL_Vaccin.py took 0.554 seconds
[2025-02-11 10:59:50,659] {processor.py:153} INFO - Started process (PID=236) to work on /opt/airflow/dags/ETL_Vaccin.py
[2025-02-11 10:59:50,660] {processor.py:641} INFO - Processing file /opt/airflow/dags/ETL_Vaccin.py for tasks to queue
[2025-02-11 10:59:50,661] {logging_mixin.py:115} INFO - [2025-02-11 10:59:50,661] {dagbag.py:507} INFO - Filling up the DagBag from /opt/airflow/dags/ETL_Vaccin.py
[2025-02-11 10:59:51,093] {processor.py:651} INFO - DAG(s) dict_keys(['grippe_ETL_pipeline']) retrieved from /opt/airflow/dags/ETL_Vaccin.py
[2025-02-11 10:59:51,121] {logging_mixin.py:115} INFO - [2025-02-11 10:59:51,120] {dag.py:2379} INFO - Sync 1 DAGs
[2025-02-11 10:59:51,147] {logging_mixin.py:115} INFO - [2025-02-11 10:59:51,147] {dag.py:2931} INFO - Setting next_dagrun for grippe_ETL_pipeline to 2025-02-11T09:00:00+00:00, run_after=2025-02-11T10:00:00+00:00
[2025-02-11 10:59:51,161] {processor.py:161} INFO - Processing /opt/airflow/dags/ETL_Vaccin.py took 0.507 seconds
[2025-02-11 11:00:21,308] {processor.py:153} INFO - Started process (PID=269) to work on /opt/airflow/dags/ETL_Vaccin.py
[2025-02-11 11:00:21,309] {processor.py:641} INFO - Processing file /opt/airflow/dags/ETL_Vaccin.py for tasks to queue
[2025-02-11 11:00:21,310] {logging_mixin.py:115} INFO - [2025-02-11 11:00:21,310] {dagbag.py:507} INFO - Filling up the DagBag from /opt/airflow/dags/ETL_Vaccin.py
[2025-02-11 11:00:21,838] {processor.py:651} INFO - DAG(s) dict_keys(['grippe_ETL_pipeline']) retrieved from /opt/airflow/dags/ETL_Vaccin.py
[2025-02-11 11:00:21,878] {logging_mixin.py:115} INFO - [2025-02-11 11:00:21,877] {dag.py:2379} INFO - Sync 1 DAGs
[2025-02-11 11:00:21,926] {logging_mixin.py:115} INFO - [2025-02-11 11:00:21,926] {dag.py:2931} INFO - Setting next_dagrun for grippe_ETL_pipeline to 2025-02-11T10:00:00+00:00, run_after=2025-02-11T11:00:00+00:00
[2025-02-11 11:00:22,012] {processor.py:161} INFO - Processing /opt/airflow/dags/ETL_Vaccin.py took 0.709 seconds
[2025-02-11 11:00:52,166] {processor.py:153} INFO - Started process (PID=309) to work on /opt/airflow/dags/ETL_Vaccin.py
[2025-02-11 11:00:52,167] {processor.py:641} INFO - Processing file /opt/airflow/dags/ETL_Vaccin.py for tasks to queue
[2025-02-11 11:00:52,169] {logging_mixin.py:115} INFO - [2025-02-11 11:00:52,169] {dagbag.py:507} INFO - Filling up the DagBag from /opt/airflow/dags/ETL_Vaccin.py
[2025-02-11 11:00:52,677] {processor.py:651} INFO - DAG(s) dict_keys(['grippe_ETL_pipeline']) retrieved from /opt/airflow/dags/ETL_Vaccin.py
[2025-02-11 11:00:52,711] {logging_mixin.py:115} INFO - [2025-02-11 11:00:52,711] {dag.py:2379} INFO - Sync 1 DAGs
[2025-02-11 11:00:52,760] {processor.py:161} INFO - Processing /opt/airflow/dags/ETL_Vaccin.py took 0.599 seconds
[2025-02-11 11:01:22,899] {processor.py:153} INFO - Started process (PID=353) to work on /opt/airflow/dags/ETL_Vaccin.py
[2025-02-11 11:01:22,900] {processor.py:641} INFO - Processing file /opt/airflow/dags/ETL_Vaccin.py for tasks to queue
[2025-02-11 11:01:22,901] {logging_mixin.py:115} INFO - [2025-02-11 11:01:22,901] {dagbag.py:507} INFO - Filling up the DagBag from /opt/airflow/dags/ETL_Vaccin.py
[2025-02-11 11:01:23,391] {processor.py:651} INFO - DAG(s) dict_keys(['grippe_ETL_pipeline']) retrieved from /opt/airflow/dags/ETL_Vaccin.py
[2025-02-11 11:01:23,424] {logging_mixin.py:115} INFO - [2025-02-11 11:01:23,423] {dag.py:2379} INFO - Sync 1 DAGs
[2025-02-11 11:01:23,456] {logging_mixin.py:115} INFO - [2025-02-11 11:01:23,456] {dag.py:2931} INFO - Setting next_dagrun for grippe_ETL_pipeline to 2025-02-11T11:00:00+00:00, run_after=2025-02-11T12:00:00+00:00
[2025-02-11 11:01:23,475] {processor.py:161} INFO - Processing /opt/airflow/dags/ETL_Vaccin.py took 0.583 seconds
[2025-02-11 11:01:53,739] {processor.py:153} INFO - Started process (PID=386) to work on /opt/airflow/dags/ETL_Vaccin.py
[2025-02-11 11:01:53,741] {processor.py:641} INFO - Processing file /opt/airflow/dags/ETL_Vaccin.py for tasks to queue
[2025-02-11 11:01:53,742] {logging_mixin.py:115} INFO - [2025-02-11 11:01:53,742] {dagbag.py:507} INFO - Filling up the DagBag from /opt/airflow/dags/ETL_Vaccin.py
[2025-02-11 11:01:54,382] {processor.py:651} INFO - DAG(s) dict_keys(['grippe_ETL_pipeline']) retrieved from /opt/airflow/dags/ETL_Vaccin.py
[2025-02-11 11:01:54,412] {logging_mixin.py:115} INFO - [2025-02-11 11:01:54,411] {dag.py:2379} INFO - Sync 1 DAGs
[2025-02-11 11:01:54,440] {logging_mixin.py:115} INFO - [2025-02-11 11:01:54,440] {dag.py:2931} INFO - Setting next_dagrun for grippe_ETL_pipeline to 2025-02-11T11:00:00+00:00, run_after=2025-02-11T12:00:00+00:00
[2025-02-11 11:01:54,457] {processor.py:161} INFO - Processing /opt/airflow/dags/ETL_Vaccin.py took 0.722 seconds
[2025-02-11 11:02:24,593] {processor.py:153} INFO - Started process (PID=419) to work on /opt/airflow/dags/ETL_Vaccin.py
[2025-02-11 11:02:24,594] {processor.py:641} INFO - Processing file /opt/airflow/dags/ETL_Vaccin.py for tasks to queue
[2025-02-11 11:02:24,594] {logging_mixin.py:115} INFO - [2025-02-11 11:02:24,594] {dagbag.py:507} INFO - Filling up the DagBag from /opt/airflow/dags/ETL_Vaccin.py
[2025-02-11 11:02:25,125] {processor.py:651} INFO - DAG(s) dict_keys(['grippe_ETL_pipeline']) retrieved from /opt/airflow/dags/ETL_Vaccin.py
[2025-02-11 11:02:25,155] {logging_mixin.py:115} INFO - [2025-02-11 11:02:25,155] {dag.py:2379} INFO - Sync 1 DAGs
[2025-02-11 11:02:25,185] {logging_mixin.py:115} INFO - [2025-02-11 11:02:25,185] {dag.py:2931} INFO - Setting next_dagrun for grippe_ETL_pipeline to 2025-02-11T11:00:00+00:00, run_after=2025-02-11T12:00:00+00:00
[2025-02-11 11:02:25,202] {processor.py:161} INFO - Processing /opt/airflow/dags/ETL_Vaccin.py took 0.615 seconds
[2025-02-11 11:02:55,542] {processor.py:153} INFO - Started process (PID=443) to work on /opt/airflow/dags/ETL_Vaccin.py
[2025-02-11 11:02:55,543] {processor.py:641} INFO - Processing file /opt/airflow/dags/ETL_Vaccin.py for tasks to queue
[2025-02-11 11:02:55,544] {logging_mixin.py:115} INFO - [2025-02-11 11:02:55,544] {dagbag.py:507} INFO - Filling up the DagBag from /opt/airflow/dags/ETL_Vaccin.py
[2025-02-11 11:02:56,082] {processor.py:651} INFO - DAG(s) dict_keys(['grippe_ETL_pipeline']) retrieved from /opt/airflow/dags/ETL_Vaccin.py
[2025-02-11 11:02:56,110] {logging_mixin.py:115} INFO - [2025-02-11 11:02:56,109] {dag.py:2379} INFO - Sync 1 DAGs
[2025-02-11 11:02:56,136] {logging_mixin.py:115} INFO - [2025-02-11 11:02:56,136] {dag.py:2931} INFO - Setting next_dagrun for grippe_ETL_pipeline to 2025-02-11T11:00:00+00:00, run_after=2025-02-11T12:00:00+00:00
[2025-02-11 11:02:56,151] {processor.py:161} INFO - Processing /opt/airflow/dags/ETL_Vaccin.py took 0.614 seconds
[2025-02-11 11:03:26,269] {processor.py:153} INFO - Started process (PID=476) to work on /opt/airflow/dags/ETL_Vaccin.py
[2025-02-11 11:03:26,271] {processor.py:641} INFO - Processing file /opt/airflow/dags/ETL_Vaccin.py for tasks to queue
[2025-02-11 11:03:26,273] {logging_mixin.py:115} INFO - [2025-02-11 11:03:26,272] {dagbag.py:507} INFO - Filling up the DagBag from /opt/airflow/dags/ETL_Vaccin.py
[2025-02-11 11:03:26,964] {processor.py:651} INFO - DAG(s) dict_keys(['grippe_ETL_pipeline']) retrieved from /opt/airflow/dags/ETL_Vaccin.py
[2025-02-11 11:03:26,996] {logging_mixin.py:115} INFO - [2025-02-11 11:03:26,995] {dag.py:2379} INFO - Sync 1 DAGs
[2025-02-11 11:03:27,024] {logging_mixin.py:115} INFO - [2025-02-11 11:03:27,024] {dag.py:2931} INFO - Setting next_dagrun for grippe_ETL_pipeline to 2025-02-11T11:00:00+00:00, run_after=2025-02-11T12:00:00+00:00
[2025-02-11 11:03:27,039] {processor.py:161} INFO - Processing /opt/airflow/dags/ETL_Vaccin.py took 0.776 seconds
[2025-02-11 11:03:57,168] {processor.py:153} INFO - Started process (PID=500) to work on /opt/airflow/dags/ETL_Vaccin.py
[2025-02-11 11:03:57,169] {processor.py:641} INFO - Processing file /opt/airflow/dags/ETL_Vaccin.py for tasks to queue
[2025-02-11 11:03:57,171] {logging_mixin.py:115} INFO - [2025-02-11 11:03:57,171] {dagbag.py:507} INFO - Filling up the DagBag from /opt/airflow/dags/ETL_Vaccin.py
[2025-02-11 11:03:57,741] {processor.py:651} INFO - DAG(s) dict_keys(['grippe_ETL_pipeline']) retrieved from /opt/airflow/dags/ETL_Vaccin.py
[2025-02-11 11:03:57,780] {logging_mixin.py:115} INFO - [2025-02-11 11:03:57,780] {dag.py:2379} INFO - Sync 1 DAGs
[2025-02-11 11:03:57,820] {logging_mixin.py:115} INFO - [2025-02-11 11:03:57,819] {dag.py:2931} INFO - Setting next_dagrun for grippe_ETL_pipeline to 2025-02-11T11:00:00+00:00, run_after=2025-02-11T12:00:00+00:00
[2025-02-11 11:03:57,845] {processor.py:161} INFO - Processing /opt/airflow/dags/ETL_Vaccin.py took 0.684 seconds
[2025-02-11 11:04:28,095] {processor.py:153} INFO - Started process (PID=533) to work on /opt/airflow/dags/ETL_Vaccin.py
[2025-02-11 11:04:28,096] {processor.py:641} INFO - Processing file /opt/airflow/dags/ETL_Vaccin.py for tasks to queue
[2025-02-11 11:04:28,097] {logging_mixin.py:115} INFO - [2025-02-11 11:04:28,097] {dagbag.py:507} INFO - Filling up the DagBag from /opt/airflow/dags/ETL_Vaccin.py
[2025-02-11 11:04:28,611] {processor.py:651} INFO - DAG(s) dict_keys(['grippe_ETL_pipeline']) retrieved from /opt/airflow/dags/ETL_Vaccin.py
[2025-02-11 11:04:28,646] {logging_mixin.py:115} INFO - [2025-02-11 11:04:28,645] {dag.py:2379} INFO - Sync 1 DAGs
[2025-02-11 11:04:28,677] {logging_mixin.py:115} INFO - [2025-02-11 11:04:28,676] {dag.py:2931} INFO - Setting next_dagrun for grippe_ETL_pipeline to 2025-02-11T11:00:00+00:00, run_after=2025-02-11T12:00:00+00:00
[2025-02-11 11:04:28,692] {processor.py:161} INFO - Processing /opt/airflow/dags/ETL_Vaccin.py took 0.603 seconds
[2025-02-11 11:04:58,827] {processor.py:153} INFO - Started process (PID=557) to work on /opt/airflow/dags/ETL_Vaccin.py
[2025-02-11 11:04:58,828] {processor.py:641} INFO - Processing file /opt/airflow/dags/ETL_Vaccin.py for tasks to queue
[2025-02-11 11:04:58,832] {logging_mixin.py:115} INFO - [2025-02-11 11:04:58,831] {dagbag.py:507} INFO - Filling up the DagBag from /opt/airflow/dags/ETL_Vaccin.py
[2025-02-11 11:04:59,432] {processor.py:651} INFO - DAG(s) dict_keys(['grippe_ETL_pipeline']) retrieved from /opt/airflow/dags/ETL_Vaccin.py
[2025-02-11 11:04:59,469] {logging_mixin.py:115} INFO - [2025-02-11 11:04:59,469] {dag.py:2379} INFO - Sync 1 DAGs
[2025-02-11 11:04:59,499] {logging_mixin.py:115} INFO - [2025-02-11 11:04:59,499] {dag.py:2931} INFO - Setting next_dagrun for grippe_ETL_pipeline to 2025-02-11T11:00:00+00:00, run_after=2025-02-11T12:00:00+00:00
[2025-02-11 11:04:59,515] {processor.py:161} INFO - Processing /opt/airflow/dags/ETL_Vaccin.py took 0.694 seconds
[2025-02-11 11:05:29,635] {processor.py:153} INFO - Started process (PID=589) to work on /opt/airflow/dags/ETL_Vaccin.py
[2025-02-11 11:05:29,637] {processor.py:641} INFO - Processing file /opt/airflow/dags/ETL_Vaccin.py for tasks to queue
[2025-02-11 11:05:29,639] {logging_mixin.py:115} INFO - [2025-02-11 11:05:29,639] {dagbag.py:507} INFO - Filling up the DagBag from /opt/airflow/dags/ETL_Vaccin.py
[2025-02-11 11:05:30,168] {processor.py:651} INFO - DAG(s) dict_keys(['grippe_ETL_pipeline']) retrieved from /opt/airflow/dags/ETL_Vaccin.py
[2025-02-11 11:05:30,201] {logging_mixin.py:115} INFO - [2025-02-11 11:05:30,200] {dag.py:2379} INFO - Sync 1 DAGs
[2025-02-11 11:05:30,230] {logging_mixin.py:115} INFO - [2025-02-11 11:05:30,230] {dag.py:2931} INFO - Setting next_dagrun for grippe_ETL_pipeline to 2025-02-11T11:00:00+00:00, run_after=2025-02-11T12:00:00+00:00
[2025-02-11 11:05:30,247] {processor.py:161} INFO - Processing /opt/airflow/dags/ETL_Vaccin.py took 0.618 seconds
[2025-02-11 11:06:00,383] {processor.py:153} INFO - Started process (PID=613) to work on /opt/airflow/dags/ETL_Vaccin.py
[2025-02-11 11:06:00,384] {processor.py:641} INFO - Processing file /opt/airflow/dags/ETL_Vaccin.py for tasks to queue
[2025-02-11 11:06:00,385] {logging_mixin.py:115} INFO - [2025-02-11 11:06:00,385] {dagbag.py:507} INFO - Filling up the DagBag from /opt/airflow/dags/ETL_Vaccin.py
[2025-02-11 11:06:00,901] {processor.py:651} INFO - DAG(s) dict_keys(['grippe_ETL_pipeline']) retrieved from /opt/airflow/dags/ETL_Vaccin.py
[2025-02-11 11:06:00,939] {logging_mixin.py:115} INFO - [2025-02-11 11:06:00,938] {dag.py:2379} INFO - Sync 1 DAGs
[2025-02-11 11:06:00,976] {logging_mixin.py:115} INFO - [2025-02-11 11:06:00,976] {dag.py:2931} INFO - Setting next_dagrun for grippe_ETL_pipeline to 2025-02-11T11:00:00+00:00, run_after=2025-02-11T12:00:00+00:00
[2025-02-11 11:06:00,998] {processor.py:161} INFO - Processing /opt/airflow/dags/ETL_Vaccin.py took 0.623 seconds
[2025-02-11 11:06:31,143] {processor.py:153} INFO - Started process (PID=647) to work on /opt/airflow/dags/ETL_Vaccin.py
[2025-02-11 11:06:31,144] {processor.py:641} INFO - Processing file /opt/airflow/dags/ETL_Vaccin.py for tasks to queue
[2025-02-11 11:06:31,145] {logging_mixin.py:115} INFO - [2025-02-11 11:06:31,145] {dagbag.py:507} INFO - Filling up the DagBag from /opt/airflow/dags/ETL_Vaccin.py
[2025-02-11 11:06:31,769] {processor.py:651} INFO - DAG(s) dict_keys(['grippe_ETL_pipeline']) retrieved from /opt/airflow/dags/ETL_Vaccin.py
[2025-02-11 11:06:31,797] {logging_mixin.py:115} INFO - [2025-02-11 11:06:31,797] {dag.py:2379} INFO - Sync 1 DAGs
[2025-02-11 11:06:31,826] {logging_mixin.py:115} INFO - [2025-02-11 11:06:31,826] {dag.py:2931} INFO - Setting next_dagrun for grippe_ETL_pipeline to 2025-02-11T11:00:00+00:00, run_after=2025-02-11T12:00:00+00:00
[2025-02-11 11:06:31,842] {processor.py:161} INFO - Processing /opt/airflow/dags/ETL_Vaccin.py took 0.708 seconds
[2025-02-11 11:07:01,998] {processor.py:153} INFO - Started process (PID=671) to work on /opt/airflow/dags/ETL_Vaccin.py
[2025-02-11 11:07:02,001] {processor.py:641} INFO - Processing file /opt/airflow/dags/ETL_Vaccin.py for tasks to queue
[2025-02-11 11:07:02,003] {logging_mixin.py:115} INFO - [2025-02-11 11:07:02,003] {dagbag.py:507} INFO - Filling up the DagBag from /opt/airflow/dags/ETL_Vaccin.py
[2025-02-11 11:07:02,501] {processor.py:651} INFO - DAG(s) dict_keys(['grippe_ETL_pipeline']) retrieved from /opt/airflow/dags/ETL_Vaccin.py
[2025-02-11 11:07:02,533] {logging_mixin.py:115} INFO - [2025-02-11 11:07:02,532] {dag.py:2379} INFO - Sync 1 DAGs
[2025-02-11 11:07:02,564] {logging_mixin.py:115} INFO - [2025-02-11 11:07:02,564] {dag.py:2931} INFO - Setting next_dagrun for grippe_ETL_pipeline to 2025-02-11T11:00:00+00:00, run_after=2025-02-11T12:00:00+00:00
[2025-02-11 11:07:02,581] {processor.py:161} INFO - Processing /opt/airflow/dags/ETL_Vaccin.py took 0.591 seconds
[2025-02-11 11:07:32,711] {processor.py:153} INFO - Started process (PID=704) to work on /opt/airflow/dags/ETL_Vaccin.py
[2025-02-11 11:07:32,713] {processor.py:641} INFO - Processing file /opt/airflow/dags/ETL_Vaccin.py for tasks to queue
[2025-02-11 11:07:32,715] {logging_mixin.py:115} INFO - [2025-02-11 11:07:32,715] {dagbag.py:507} INFO - Filling up the DagBag from /opt/airflow/dags/ETL_Vaccin.py
[2025-02-11 11:07:33,227] {processor.py:651} INFO - DAG(s) dict_keys(['grippe_ETL_pipeline']) retrieved from /opt/airflow/dags/ETL_Vaccin.py
[2025-02-11 11:07:33,272] {logging_mixin.py:115} INFO - [2025-02-11 11:07:33,272] {dag.py:2379} INFO - Sync 1 DAGs
[2025-02-11 11:07:33,303] {logging_mixin.py:115} INFO - [2025-02-11 11:07:33,302] {dag.py:2931} INFO - Setting next_dagrun for grippe_ETL_pipeline to 2025-02-11T11:00:00+00:00, run_after=2025-02-11T12:00:00+00:00
[2025-02-11 11:07:33,319] {processor.py:161} INFO - Processing /opt/airflow/dags/ETL_Vaccin.py took 0.615 seconds
[2025-02-11 11:08:03,451] {processor.py:153} INFO - Started process (PID=737) to work on /opt/airflow/dags/ETL_Vaccin.py
[2025-02-11 11:08:03,452] {processor.py:641} INFO - Processing file /opt/airflow/dags/ETL_Vaccin.py for tasks to queue
[2025-02-11 11:08:03,454] {logging_mixin.py:115} INFO - [2025-02-11 11:08:03,454] {dagbag.py:507} INFO - Filling up the DagBag from /opt/airflow/dags/ETL_Vaccin.py
[2025-02-11 11:08:03,899] {processor.py:651} INFO - DAG(s) dict_keys(['grippe_ETL_pipeline']) retrieved from /opt/airflow/dags/ETL_Vaccin.py
[2025-02-11 11:08:03,928] {logging_mixin.py:115} INFO - [2025-02-11 11:08:03,927] {dag.py:2379} INFO - Sync 1 DAGs
[2025-02-11 11:08:03,956] {logging_mixin.py:115} INFO - [2025-02-11 11:08:03,956] {dag.py:2931} INFO - Setting next_dagrun for grippe_ETL_pipeline to 2025-02-11T11:00:00+00:00, run_after=2025-02-11T12:00:00+00:00
[2025-02-11 11:08:03,971] {processor.py:161} INFO - Processing /opt/airflow/dags/ETL_Vaccin.py took 0.529 seconds
[2025-02-11 11:08:34,119] {processor.py:153} INFO - Started process (PID=761) to work on /opt/airflow/dags/ETL_Vaccin.py
[2025-02-11 11:08:34,120] {processor.py:641} INFO - Processing file /opt/airflow/dags/ETL_Vaccin.py for tasks to queue
[2025-02-11 11:08:34,121] {logging_mixin.py:115} INFO - [2025-02-11 11:08:34,121] {dagbag.py:507} INFO - Filling up the DagBag from /opt/airflow/dags/ETL_Vaccin.py
[2025-02-11 11:08:34,610] {processor.py:651} INFO - DAG(s) dict_keys(['grippe_ETL_pipeline']) retrieved from /opt/airflow/dags/ETL_Vaccin.py
[2025-02-11 11:08:34,642] {logging_mixin.py:115} INFO - [2025-02-11 11:08:34,641] {dag.py:2379} INFO - Sync 1 DAGs
[2025-02-11 11:08:34,675] {logging_mixin.py:115} INFO - [2025-02-11 11:08:34,675] {dag.py:2931} INFO - Setting next_dagrun for grippe_ETL_pipeline to 2025-02-11T11:00:00+00:00, run_after=2025-02-11T12:00:00+00:00
[2025-02-11 11:08:34,692] {processor.py:161} INFO - Processing /opt/airflow/dags/ETL_Vaccin.py took 0.579 seconds
[2025-02-11 11:09:04,740] {processor.py:153} INFO - Started process (PID=794) to work on /opt/airflow/dags/ETL_Vaccin.py
[2025-02-11 11:09:04,741] {processor.py:641} INFO - Processing file /opt/airflow/dags/ETL_Vaccin.py for tasks to queue
[2025-02-11 11:09:04,742] {logging_mixin.py:115} INFO - [2025-02-11 11:09:04,742] {dagbag.py:507} INFO - Filling up the DagBag from /opt/airflow/dags/ETL_Vaccin.py
[2025-02-11 11:09:05,288] {processor.py:651} INFO - DAG(s) dict_keys(['grippe_ETL_pipeline']) retrieved from /opt/airflow/dags/ETL_Vaccin.py
[2025-02-11 11:09:05,324] {logging_mixin.py:115} INFO - [2025-02-11 11:09:05,324] {dag.py:2379} INFO - Sync 1 DAGs
[2025-02-11 11:09:05,357] {logging_mixin.py:115} INFO - [2025-02-11 11:09:05,357] {dag.py:2931} INFO - Setting next_dagrun for grippe_ETL_pipeline to 2025-02-11T11:00:00+00:00, run_after=2025-02-11T12:00:00+00:00
[2025-02-11 11:09:05,377] {processor.py:161} INFO - Processing /opt/airflow/dags/ETL_Vaccin.py took 0.641 seconds
[2025-02-11 11:09:35,517] {processor.py:153} INFO - Started process (PID=818) to work on /opt/airflow/dags/ETL_Vaccin.py
[2025-02-11 11:09:35,519] {processor.py:641} INFO - Processing file /opt/airflow/dags/ETL_Vaccin.py for tasks to queue
[2025-02-11 11:09:35,519] {logging_mixin.py:115} INFO - [2025-02-11 11:09:35,519] {dagbag.py:507} INFO - Filling up the DagBag from /opt/airflow/dags/ETL_Vaccin.py
[2025-02-11 11:09:36,045] {processor.py:651} INFO - DAG(s) dict_keys(['grippe_ETL_pipeline']) retrieved from /opt/airflow/dags/ETL_Vaccin.py
[2025-02-11 11:09:36,076] {logging_mixin.py:115} INFO - [2025-02-11 11:09:36,075] {dag.py:2379} INFO - Sync 1 DAGs
[2025-02-11 11:09:36,106] {logging_mixin.py:115} INFO - [2025-02-11 11:09:36,106] {dag.py:2931} INFO - Setting next_dagrun for grippe_ETL_pipeline to 2025-02-11T11:00:00+00:00, run_after=2025-02-11T12:00:00+00:00
[2025-02-11 11:09:36,125] {processor.py:161} INFO - Processing /opt/airflow/dags/ETL_Vaccin.py took 0.614 seconds
[2025-02-11 11:10:06,335] {processor.py:153} INFO - Started process (PID=851) to work on /opt/airflow/dags/ETL_Vaccin.py
[2025-02-11 11:10:06,336] {processor.py:641} INFO - Processing file /opt/airflow/dags/ETL_Vaccin.py for tasks to queue
[2025-02-11 11:10:06,337] {logging_mixin.py:115} INFO - [2025-02-11 11:10:06,337] {dagbag.py:507} INFO - Filling up the DagBag from /opt/airflow/dags/ETL_Vaccin.py
[2025-02-11 11:10:06,788] {processor.py:651} INFO - DAG(s) dict_keys(['grippe_ETL_pipeline']) retrieved from /opt/airflow/dags/ETL_Vaccin.py
[2025-02-11 11:10:06,815] {logging_mixin.py:115} INFO - [2025-02-11 11:10:06,814] {dag.py:2379} INFO - Sync 1 DAGs
[2025-02-11 11:10:06,841] {logging_mixin.py:115} INFO - [2025-02-11 11:10:06,841] {dag.py:2931} INFO - Setting next_dagrun for grippe_ETL_pipeline to 2025-02-11T11:00:00+00:00, run_after=2025-02-11T12:00:00+00:00
[2025-02-11 11:10:06,855] {processor.py:161} INFO - Processing /opt/airflow/dags/ETL_Vaccin.py took 0.525 seconds
[2025-02-11 11:10:37,054] {processor.py:153} INFO - Started process (PID=875) to work on /opt/airflow/dags/ETL_Vaccin.py
[2025-02-11 11:10:37,055] {processor.py:641} INFO - Processing file /opt/airflow/dags/ETL_Vaccin.py for tasks to queue
[2025-02-11 11:10:37,057] {logging_mixin.py:115} INFO - [2025-02-11 11:10:37,056] {dagbag.py:507} INFO - Filling up the DagBag from /opt/airflow/dags/ETL_Vaccin.py
[2025-02-11 11:10:37,531] {processor.py:651} INFO - DAG(s) dict_keys(['grippe_ETL_pipeline']) retrieved from /opt/airflow/dags/ETL_Vaccin.py
[2025-02-11 11:10:37,560] {logging_mixin.py:115} INFO - [2025-02-11 11:10:37,559] {dag.py:2379} INFO - Sync 1 DAGs
[2025-02-11 11:10:37,586] {logging_mixin.py:115} INFO - [2025-02-11 11:10:37,586] {dag.py:2931} INFO - Setting next_dagrun for grippe_ETL_pipeline to 2025-02-11T11:00:00+00:00, run_after=2025-02-11T12:00:00+00:00
[2025-02-11 11:10:37,603] {processor.py:161} INFO - Processing /opt/airflow/dags/ETL_Vaccin.py took 0.553 seconds
[2025-02-11 11:11:07,728] {processor.py:153} INFO - Started process (PID=908) to work on /opt/airflow/dags/ETL_Vaccin.py
[2025-02-11 11:11:07,730] {processor.py:641} INFO - Processing file /opt/airflow/dags/ETL_Vaccin.py for tasks to queue
[2025-02-11 11:11:07,732] {logging_mixin.py:115} INFO - [2025-02-11 11:11:07,731] {dagbag.py:507} INFO - Filling up the DagBag from /opt/airflow/dags/ETL_Vaccin.py
[2025-02-11 11:11:08,824] {processor.py:651} INFO - DAG(s) dict_keys(['grippe_ETL_pipeline']) retrieved from /opt/airflow/dags/ETL_Vaccin.py
[2025-02-11 11:11:08,888] {logging_mixin.py:115} INFO - [2025-02-11 11:11:08,887] {dag.py:2379} INFO - Sync 1 DAGs
[2025-02-11 11:11:08,947] {logging_mixin.py:115} INFO - [2025-02-11 11:11:08,946] {dag.py:2931} INFO - Setting next_dagrun for grippe_ETL_pipeline to 2025-02-11T11:00:00+00:00, run_after=2025-02-11T12:00:00+00:00
[2025-02-11 11:11:08,975] {processor.py:161} INFO - Processing /opt/airflow/dags/ETL_Vaccin.py took 1.253 seconds
[2025-02-11 11:11:39,109] {processor.py:153} INFO - Started process (PID=932) to work on /opt/airflow/dags/ETL_Vaccin.py
[2025-02-11 11:11:39,111] {processor.py:641} INFO - Processing file /opt/airflow/dags/ETL_Vaccin.py for tasks to queue
[2025-02-11 11:11:39,112] {logging_mixin.py:115} INFO - [2025-02-11 11:11:39,112] {dagbag.py:507} INFO - Filling up the DagBag from /opt/airflow/dags/ETL_Vaccin.py
[2025-02-11 11:11:39,810] {processor.py:651} INFO - DAG(s) dict_keys(['grippe_ETL_pipeline']) retrieved from /opt/airflow/dags/ETL_Vaccin.py
[2025-02-11 11:11:39,842] {logging_mixin.py:115} INFO - [2025-02-11 11:11:39,842] {dag.py:2379} INFO - Sync 1 DAGs
[2025-02-11 11:11:39,875] {logging_mixin.py:115} INFO - [2025-02-11 11:11:39,875] {dag.py:2931} INFO - Setting next_dagrun for grippe_ETL_pipeline to 2025-02-11T11:00:00+00:00, run_after=2025-02-11T12:00:00+00:00
[2025-02-11 11:11:39,893] {processor.py:161} INFO - Processing /opt/airflow/dags/ETL_Vaccin.py took 0.789 seconds
[2025-02-11 11:12:09,952] {processor.py:153} INFO - Started process (PID=965) to work on /opt/airflow/dags/ETL_Vaccin.py
[2025-02-11 11:12:09,953] {processor.py:641} INFO - Processing file /opt/airflow/dags/ETL_Vaccin.py for tasks to queue
[2025-02-11 11:12:09,955] {logging_mixin.py:115} INFO - [2025-02-11 11:12:09,954] {dagbag.py:507} INFO - Filling up the DagBag from /opt/airflow/dags/ETL_Vaccin.py
[2025-02-11 11:12:10,610] {processor.py:651} INFO - DAG(s) dict_keys(['grippe_ETL_pipeline']) retrieved from /opt/airflow/dags/ETL_Vaccin.py
[2025-02-11 11:12:10,660] {logging_mixin.py:115} INFO - [2025-02-11 11:12:10,659] {dag.py:2379} INFO - Sync 1 DAGs
[2025-02-11 11:12:10,706] {logging_mixin.py:115} INFO - [2025-02-11 11:12:10,706] {dag.py:2931} INFO - Setting next_dagrun for grippe_ETL_pipeline to 2025-02-11T11:00:00+00:00, run_after=2025-02-11T12:00:00+00:00
[2025-02-11 11:12:10,726] {processor.py:161} INFO - Processing /opt/airflow/dags/ETL_Vaccin.py took 0.782 seconds
[2025-02-11 11:12:40,868] {processor.py:153} INFO - Started process (PID=989) to work on /opt/airflow/dags/ETL_Vaccin.py
[2025-02-11 11:12:40,869] {processor.py:641} INFO - Processing file /opt/airflow/dags/ETL_Vaccin.py for tasks to queue
[2025-02-11 11:12:40,870] {logging_mixin.py:115} INFO - [2025-02-11 11:12:40,870] {dagbag.py:507} INFO - Filling up the DagBag from /opt/airflow/dags/ETL_Vaccin.py
[2025-02-11 11:12:41,418] {processor.py:651} INFO - DAG(s) dict_keys(['grippe_ETL_pipeline']) retrieved from /opt/airflow/dags/ETL_Vaccin.py
[2025-02-11 11:12:41,454] {logging_mixin.py:115} INFO - [2025-02-11 11:12:41,453] {dag.py:2379} INFO - Sync 1 DAGs
[2025-02-11 11:12:41,488] {logging_mixin.py:115} INFO - [2025-02-11 11:12:41,487] {dag.py:2931} INFO - Setting next_dagrun for grippe_ETL_pipeline to 2025-02-11T11:00:00+00:00, run_after=2025-02-11T12:00:00+00:00
[2025-02-11 11:12:41,504] {processor.py:161} INFO - Processing /opt/airflow/dags/ETL_Vaccin.py took 0.641 seconds
[2025-02-11 11:13:11,636] {processor.py:153} INFO - Started process (PID=1022) to work on /opt/airflow/dags/ETL_Vaccin.py
[2025-02-11 11:13:11,638] {processor.py:641} INFO - Processing file /opt/airflow/dags/ETL_Vaccin.py for tasks to queue
[2025-02-11 11:13:11,640] {logging_mixin.py:115} INFO - [2025-02-11 11:13:11,640] {dagbag.py:507} INFO - Filling up the DagBag from /opt/airflow/dags/ETL_Vaccin.py
[2025-02-11 11:13:12,280] {processor.py:651} INFO - DAG(s) dict_keys(['grippe_ETL_pipeline']) retrieved from /opt/airflow/dags/ETL_Vaccin.py
[2025-02-11 11:13:12,315] {logging_mixin.py:115} INFO - [2025-02-11 11:13:12,314] {dag.py:2379} INFO - Sync 1 DAGs
[2025-02-11 11:13:12,349] {logging_mixin.py:115} INFO - [2025-02-11 11:13:12,349] {dag.py:2931} INFO - Setting next_dagrun for grippe_ETL_pipeline to 2025-02-11T11:00:00+00:00, run_after=2025-02-11T12:00:00+00:00
[2025-02-11 11:13:12,365] {processor.py:161} INFO - Processing /opt/airflow/dags/ETL_Vaccin.py took 0.737 seconds
[2025-02-11 11:13:42,421] {processor.py:153} INFO - Started process (PID=1045) to work on /opt/airflow/dags/ETL_Vaccin.py
[2025-02-11 11:13:42,422] {processor.py:641} INFO - Processing file /opt/airflow/dags/ETL_Vaccin.py for tasks to queue
[2025-02-11 11:13:42,423] {logging_mixin.py:115} INFO - [2025-02-11 11:13:42,423] {dagbag.py:507} INFO - Filling up the DagBag from /opt/airflow/dags/ETL_Vaccin.py
[2025-02-11 11:13:42,864] {processor.py:651} INFO - DAG(s) dict_keys(['grippe_ETL_pipeline']) retrieved from /opt/airflow/dags/ETL_Vaccin.py
[2025-02-11 11:13:42,891] {logging_mixin.py:115} INFO - [2025-02-11 11:13:42,891] {dag.py:2379} INFO - Sync 1 DAGs
[2025-02-11 11:13:42,918] {logging_mixin.py:115} INFO - [2025-02-11 11:13:42,918] {dag.py:2931} INFO - Setting next_dagrun for grippe_ETL_pipeline to 2025-02-11T11:00:00+00:00, run_after=2025-02-11T12:00:00+00:00
[2025-02-11 11:13:42,933] {processor.py:161} INFO - Processing /opt/airflow/dags/ETL_Vaccin.py took 0.516 seconds
[2025-02-11 11:14:13,098] {processor.py:153} INFO - Started process (PID=1078) to work on /opt/airflow/dags/ETL_Vaccin.py
[2025-02-11 11:14:13,099] {processor.py:641} INFO - Processing file /opt/airflow/dags/ETL_Vaccin.py for tasks to queue
[2025-02-11 11:14:13,100] {logging_mixin.py:115} INFO - [2025-02-11 11:14:13,100] {dagbag.py:507} INFO - Filling up the DagBag from /opt/airflow/dags/ETL_Vaccin.py
[2025-02-11 11:14:13,640] {processor.py:651} INFO - DAG(s) dict_keys(['grippe_ETL_pipeline']) retrieved from /opt/airflow/dags/ETL_Vaccin.py
[2025-02-11 11:14:13,672] {logging_mixin.py:115} INFO - [2025-02-11 11:14:13,671] {dag.py:2379} INFO - Sync 1 DAGs
[2025-02-11 11:14:13,701] {logging_mixin.py:115} INFO - [2025-02-11 11:14:13,701] {dag.py:2931} INFO - Setting next_dagrun for grippe_ETL_pipeline to 2025-02-11T11:00:00+00:00, run_after=2025-02-11T12:00:00+00:00
[2025-02-11 11:14:13,719] {processor.py:161} INFO - Processing /opt/airflow/dags/ETL_Vaccin.py took 0.626 seconds
[2025-02-11 11:14:43,871] {processor.py:153} INFO - Started process (PID=1111) to work on /opt/airflow/dags/ETL_Vaccin.py
[2025-02-11 11:14:43,872] {processor.py:641} INFO - Processing file /opt/airflow/dags/ETL_Vaccin.py for tasks to queue
[2025-02-11 11:14:43,874] {logging_mixin.py:115} INFO - [2025-02-11 11:14:43,874] {dagbag.py:507} INFO - Filling up the DagBag from /opt/airflow/dags/ETL_Vaccin.py
[2025-02-11 11:14:44,389] {processor.py:651} INFO - DAG(s) dict_keys(['grippe_ETL_pipeline']) retrieved from /opt/airflow/dags/ETL_Vaccin.py
[2025-02-11 11:14:44,420] {logging_mixin.py:115} INFO - [2025-02-11 11:14:44,419] {dag.py:2379} INFO - Sync 1 DAGs
[2025-02-11 11:14:44,449] {logging_mixin.py:115} INFO - [2025-02-11 11:14:44,449] {dag.py:2931} INFO - Setting next_dagrun for grippe_ETL_pipeline to 2025-02-11T11:00:00+00:00, run_after=2025-02-11T12:00:00+00:00
[2025-02-11 11:14:44,466] {processor.py:161} INFO - Processing /opt/airflow/dags/ETL_Vaccin.py took 0.599 seconds
[2025-02-11 11:15:14,612] {processor.py:153} INFO - Started process (PID=1135) to work on /opt/airflow/dags/ETL_Vaccin.py
[2025-02-11 11:15:14,613] {processor.py:641} INFO - Processing file /opt/airflow/dags/ETL_Vaccin.py for tasks to queue
[2025-02-11 11:15:14,615] {logging_mixin.py:115} INFO - [2025-02-11 11:15:14,614] {dagbag.py:507} INFO - Filling up the DagBag from /opt/airflow/dags/ETL_Vaccin.py
[2025-02-11 11:15:15,062] {processor.py:651} INFO - DAG(s) dict_keys(['grippe_ETL_pipeline']) retrieved from /opt/airflow/dags/ETL_Vaccin.py
[2025-02-11 11:15:15,090] {logging_mixin.py:115} INFO - [2025-02-11 11:15:15,089] {dag.py:2379} INFO - Sync 1 DAGs
[2025-02-11 11:15:15,116] {logging_mixin.py:115} INFO - [2025-02-11 11:15:15,116] {dag.py:2931} INFO - Setting next_dagrun for grippe_ETL_pipeline to 2025-02-11T11:00:00+00:00, run_after=2025-02-11T12:00:00+00:00
[2025-02-11 11:15:15,130] {processor.py:161} INFO - Processing /opt/airflow/dags/ETL_Vaccin.py took 0.524 seconds
[2025-02-11 11:15:45,262] {processor.py:153} INFO - Started process (PID=1168) to work on /opt/airflow/dags/ETL_Vaccin.py
[2025-02-11 11:15:45,263] {processor.py:641} INFO - Processing file /opt/airflow/dags/ETL_Vaccin.py for tasks to queue
[2025-02-11 11:15:45,265] {logging_mixin.py:115} INFO - [2025-02-11 11:15:45,264] {dagbag.py:507} INFO - Filling up the DagBag from /opt/airflow/dags/ETL_Vaccin.py
[2025-02-11 11:15:45,748] {processor.py:651} INFO - DAG(s) dict_keys(['grippe_ETL_pipeline']) retrieved from /opt/airflow/dags/ETL_Vaccin.py
[2025-02-11 11:15:45,779] {logging_mixin.py:115} INFO - [2025-02-11 11:15:45,779] {dag.py:2379} INFO - Sync 1 DAGs
[2025-02-11 11:15:45,810] {logging_mixin.py:115} INFO - [2025-02-11 11:15:45,810] {dag.py:2931} INFO - Setting next_dagrun for grippe_ETL_pipeline to 2025-02-11T11:00:00+00:00, run_after=2025-02-11T12:00:00+00:00
[2025-02-11 11:15:45,824] {processor.py:161} INFO - Processing /opt/airflow/dags/ETL_Vaccin.py took 0.567 seconds
[2025-02-11 11:16:15,959] {processor.py:153} INFO - Started process (PID=1192) to work on /opt/airflow/dags/ETL_Vaccin.py
[2025-02-11 11:16:15,961] {processor.py:641} INFO - Processing file /opt/airflow/dags/ETL_Vaccin.py for tasks to queue
[2025-02-11 11:16:15,962] {logging_mixin.py:115} INFO - [2025-02-11 11:16:15,961] {dagbag.py:507} INFO - Filling up the DagBag from /opt/airflow/dags/ETL_Vaccin.py
[2025-02-11 11:16:16,471] {processor.py:651} INFO - DAG(s) dict_keys(['grippe_ETL_pipeline']) retrieved from /opt/airflow/dags/ETL_Vaccin.py
[2025-02-11 11:16:16,502] {logging_mixin.py:115} INFO - [2025-02-11 11:16:16,501] {dag.py:2379} INFO - Sync 1 DAGs
[2025-02-11 11:16:16,530] {logging_mixin.py:115} INFO - [2025-02-11 11:16:16,529] {dag.py:2931} INFO - Setting next_dagrun for grippe_ETL_pipeline to 2025-02-11T11:00:00+00:00, run_after=2025-02-11T12:00:00+00:00
[2025-02-11 11:16:16,544] {processor.py:161} INFO - Processing /opt/airflow/dags/ETL_Vaccin.py took 0.590 seconds
[2025-02-11 11:16:46,692] {processor.py:153} INFO - Started process (PID=1225) to work on /opt/airflow/dags/ETL_Vaccin.py
[2025-02-11 11:16:46,693] {processor.py:641} INFO - Processing file /opt/airflow/dags/ETL_Vaccin.py for tasks to queue
[2025-02-11 11:16:46,694] {logging_mixin.py:115} INFO - [2025-02-11 11:16:46,694] {dagbag.py:507} INFO - Filling up the DagBag from /opt/airflow/dags/ETL_Vaccin.py
[2025-02-11 11:16:47,157] {processor.py:651} INFO - DAG(s) dict_keys(['grippe_ETL_pipeline']) retrieved from /opt/airflow/dags/ETL_Vaccin.py
[2025-02-11 11:16:47,186] {logging_mixin.py:115} INFO - [2025-02-11 11:16:47,186] {dag.py:2379} INFO - Sync 1 DAGs
[2025-02-11 11:16:47,213] {logging_mixin.py:115} INFO - [2025-02-11 11:16:47,213] {dag.py:2931} INFO - Setting next_dagrun for grippe_ETL_pipeline to 2025-02-11T11:00:00+00:00, run_after=2025-02-11T12:00:00+00:00
[2025-02-11 11:16:47,227] {processor.py:161} INFO - Processing /opt/airflow/dags/ETL_Vaccin.py took 0.541 seconds
[2025-02-11 11:17:17,362] {processor.py:153} INFO - Started process (PID=1249) to work on /opt/airflow/dags/ETL_Vaccin.py
[2025-02-11 11:17:17,363] {processor.py:641} INFO - Processing file /opt/airflow/dags/ETL_Vaccin.py for tasks to queue
[2025-02-11 11:17:17,364] {logging_mixin.py:115} INFO - [2025-02-11 11:17:17,364] {dagbag.py:507} INFO - Filling up the DagBag from /opt/airflow/dags/ETL_Vaccin.py
[2025-02-11 11:17:17,895] {processor.py:651} INFO - DAG(s) dict_keys(['grippe_ETL_pipeline']) retrieved from /opt/airflow/dags/ETL_Vaccin.py
[2025-02-11 11:17:17,929] {logging_mixin.py:115} INFO - [2025-02-11 11:17:17,928] {dag.py:2379} INFO - Sync 1 DAGs
[2025-02-11 11:17:17,958] {logging_mixin.py:115} INFO - [2025-02-11 11:17:17,958] {dag.py:2931} INFO - Setting next_dagrun for grippe_ETL_pipeline to 2025-02-11T11:00:00+00:00, run_after=2025-02-11T12:00:00+00:00
[2025-02-11 11:17:17,975] {processor.py:161} INFO - Processing /opt/airflow/dags/ETL_Vaccin.py took 0.620 seconds
[2025-02-11 11:17:48,130] {processor.py:153} INFO - Started process (PID=1282) to work on /opt/airflow/dags/ETL_Vaccin.py
[2025-02-11 11:17:48,131] {processor.py:641} INFO - Processing file /opt/airflow/dags/ETL_Vaccin.py for tasks to queue
[2025-02-11 11:17:48,133] {logging_mixin.py:115} INFO - [2025-02-11 11:17:48,132] {dagbag.py:507} INFO - Filling up the DagBag from /opt/airflow/dags/ETL_Vaccin.py
[2025-02-11 11:17:48,712] {processor.py:651} INFO - DAG(s) dict_keys(['grippe_ETL_pipeline']) retrieved from /opt/airflow/dags/ETL_Vaccin.py
[2025-02-11 11:17:48,744] {logging_mixin.py:115} INFO - [2025-02-11 11:17:48,744] {dag.py:2379} INFO - Sync 1 DAGs
[2025-02-11 11:17:48,778] {logging_mixin.py:115} INFO - [2025-02-11 11:17:48,778] {dag.py:2931} INFO - Setting next_dagrun for grippe_ETL_pipeline to 2025-02-11T11:00:00+00:00, run_after=2025-02-11T12:00:00+00:00
[2025-02-11 11:17:48,795] {processor.py:161} INFO - Processing /opt/airflow/dags/ETL_Vaccin.py took 0.672 seconds
[2025-02-11 11:18:18,954] {processor.py:153} INFO - Started process (PID=1306) to work on /opt/airflow/dags/ETL_Vaccin.py
[2025-02-11 11:18:18,955] {processor.py:641} INFO - Processing file /opt/airflow/dags/ETL_Vaccin.py for tasks to queue
[2025-02-11 11:18:18,957] {logging_mixin.py:115} INFO - [2025-02-11 11:18:18,956] {dagbag.py:507} INFO - Filling up the DagBag from /opt/airflow/dags/ETL_Vaccin.py
[2025-02-11 11:18:19,408] {processor.py:651} INFO - DAG(s) dict_keys(['grippe_ETL_pipeline']) retrieved from /opt/airflow/dags/ETL_Vaccin.py
[2025-02-11 11:18:19,457] {logging_mixin.py:115} INFO - [2025-02-11 11:18:19,456] {dag.py:2379} INFO - Sync 1 DAGs
[2025-02-11 11:18:19,514] {logging_mixin.py:115} INFO - [2025-02-11 11:18:19,514] {dag.py:2931} INFO - Setting next_dagrun for grippe_ETL_pipeline to 2025-02-11T11:00:00+00:00, run_after=2025-02-11T12:00:00+00:00
[2025-02-11 11:18:19,540] {processor.py:161} INFO - Processing /opt/airflow/dags/ETL_Vaccin.py took 0.591 seconds
[2025-02-11 11:18:49,717] {processor.py:153} INFO - Started process (PID=1339) to work on /opt/airflow/dags/ETL_Vaccin.py
[2025-02-11 11:18:49,723] {processor.py:641} INFO - Processing file /opt/airflow/dags/ETL_Vaccin.py for tasks to queue
[2025-02-11 11:18:49,732] {logging_mixin.py:115} INFO - [2025-02-11 11:18:49,731] {dagbag.py:507} INFO - Filling up the DagBag from /opt/airflow/dags/ETL_Vaccin.py
[2025-02-11 11:18:50,545] {processor.py:651} INFO - DAG(s) dict_keys(['grippe_ETL_pipeline']) retrieved from /opt/airflow/dags/ETL_Vaccin.py
[2025-02-11 11:18:50,608] {logging_mixin.py:115} INFO - [2025-02-11 11:18:50,607] {dag.py:2379} INFO - Sync 1 DAGs
[2025-02-11 11:18:50,659] {logging_mixin.py:115} INFO - [2025-02-11 11:18:50,659] {dag.py:2931} INFO - Setting next_dagrun for grippe_ETL_pipeline to 2025-02-11T11:00:00+00:00, run_after=2025-02-11T12:00:00+00:00
[2025-02-11 11:18:50,679] {processor.py:161} INFO - Processing /opt/airflow/dags/ETL_Vaccin.py took 0.992 seconds
[2025-02-11 11:19:20,814] {processor.py:153} INFO - Started process (PID=1372) to work on /opt/airflow/dags/ETL_Vaccin.py
[2025-02-11 11:19:20,815] {processor.py:641} INFO - Processing file /opt/airflow/dags/ETL_Vaccin.py for tasks to queue
[2025-02-11 11:19:20,816] {logging_mixin.py:115} INFO - [2025-02-11 11:19:20,816] {dagbag.py:507} INFO - Filling up the DagBag from /opt/airflow/dags/ETL_Vaccin.py
[2025-02-11 11:19:21,494] {processor.py:651} INFO - DAG(s) dict_keys(['grippe_ETL_pipeline']) retrieved from /opt/airflow/dags/ETL_Vaccin.py
[2025-02-11 11:19:21,612] {logging_mixin.py:115} INFO - [2025-02-11 11:19:21,611] {dag.py:2379} INFO - Sync 1 DAGs
[2025-02-11 11:19:21,644] {logging_mixin.py:115} INFO - [2025-02-11 11:19:21,644] {dag.py:2931} INFO - Setting next_dagrun for grippe_ETL_pipeline to 2025-02-11T11:00:00+00:00, run_after=2025-02-11T12:00:00+00:00
[2025-02-11 11:19:21,661] {processor.py:161} INFO - Processing /opt/airflow/dags/ETL_Vaccin.py took 0.852 seconds
[2025-02-11 11:19:51,806] {processor.py:153} INFO - Started process (PID=1396) to work on /opt/airflow/dags/ETL_Vaccin.py
[2025-02-11 11:19:51,807] {processor.py:641} INFO - Processing file /opt/airflow/dags/ETL_Vaccin.py for tasks to queue
[2025-02-11 11:19:51,808] {logging_mixin.py:115} INFO - [2025-02-11 11:19:51,808] {dagbag.py:507} INFO - Filling up the DagBag from /opt/airflow/dags/ETL_Vaccin.py
[2025-02-11 11:19:52,253] {processor.py:651} INFO - DAG(s) dict_keys(['grippe_ETL_pipeline']) retrieved from /opt/airflow/dags/ETL_Vaccin.py
[2025-02-11 11:19:52,319] {logging_mixin.py:115} INFO - [2025-02-11 11:19:52,319] {dag.py:2379} INFO - Sync 1 DAGs
[2025-02-11 11:19:52,347] {logging_mixin.py:115} INFO - [2025-02-11 11:19:52,346] {dag.py:2931} INFO - Setting next_dagrun for grippe_ETL_pipeline to 2025-02-11T11:00:00+00:00, run_after=2025-02-11T12:00:00+00:00
[2025-02-11 11:19:52,363] {processor.py:161} INFO - Processing /opt/airflow/dags/ETL_Vaccin.py took 0.562 seconds
[2025-02-11 11:20:22,581] {processor.py:153} INFO - Started process (PID=1429) to work on /opt/airflow/dags/ETL_Vaccin.py
[2025-02-11 11:20:22,583] {processor.py:641} INFO - Processing file /opt/airflow/dags/ETL_Vaccin.py for tasks to queue
[2025-02-11 11:20:22,586] {logging_mixin.py:115} INFO - [2025-02-11 11:20:22,586] {dagbag.py:507} INFO - Filling up the DagBag from /opt/airflow/dags/ETL_Vaccin.py
[2025-02-11 11:20:23,306] {processor.py:651} INFO - DAG(s) dict_keys(['grippe_ETL_pipeline']) retrieved from /opt/airflow/dags/ETL_Vaccin.py
[2025-02-11 11:20:23,338] {logging_mixin.py:115} INFO - [2025-02-11 11:20:23,337] {dag.py:2379} INFO - Sync 1 DAGs
[2025-02-11 11:20:23,367] {logging_mixin.py:115} INFO - [2025-02-11 11:20:23,367] {dag.py:2931} INFO - Setting next_dagrun for grippe_ETL_pipeline to 2025-02-11T11:00:00+00:00, run_after=2025-02-11T12:00:00+00:00
[2025-02-11 11:20:23,386] {processor.py:161} INFO - Processing /opt/airflow/dags/ETL_Vaccin.py took 0.810 seconds
[2025-02-11 11:20:53,601] {processor.py:153} INFO - Started process (PID=1453) to work on /opt/airflow/dags/ETL_Vaccin.py
[2025-02-11 11:20:53,602] {processor.py:641} INFO - Processing file /opt/airflow/dags/ETL_Vaccin.py for tasks to queue
[2025-02-11 11:20:53,603] {logging_mixin.py:115} INFO - [2025-02-11 11:20:53,603] {dagbag.py:507} INFO - Filling up the DagBag from /opt/airflow/dags/ETL_Vaccin.py
[2025-02-11 11:20:54,055] {processor.py:651} INFO - DAG(s) dict_keys(['grippe_ETL_pipeline']) retrieved from /opt/airflow/dags/ETL_Vaccin.py
[2025-02-11 11:20:54,086] {logging_mixin.py:115} INFO - [2025-02-11 11:20:54,085] {dag.py:2379} INFO - Sync 1 DAGs
[2025-02-11 11:20:54,118] {logging_mixin.py:115} INFO - [2025-02-11 11:20:54,117] {dag.py:2931} INFO - Setting next_dagrun for grippe_ETL_pipeline to 2025-02-11T11:00:00+00:00, run_after=2025-02-11T12:00:00+00:00
[2025-02-11 11:20:54,135] {processor.py:161} INFO - Processing /opt/airflow/dags/ETL_Vaccin.py took 0.539 seconds
[2025-02-11 11:21:24,221] {processor.py:153} INFO - Started process (PID=1486) to work on /opt/airflow/dags/ETL_Vaccin.py
[2025-02-11 11:21:24,222] {processor.py:641} INFO - Processing file /opt/airflow/dags/ETL_Vaccin.py for tasks to queue
[2025-02-11 11:21:24,223] {logging_mixin.py:115} INFO - [2025-02-11 11:21:24,223] {dagbag.py:507} INFO - Filling up the DagBag from /opt/airflow/dags/ETL_Vaccin.py
[2025-02-11 11:21:24,662] {processor.py:651} INFO - DAG(s) dict_keys(['grippe_ETL_pipeline']) retrieved from /opt/airflow/dags/ETL_Vaccin.py
[2025-02-11 11:21:24,689] {logging_mixin.py:115} INFO - [2025-02-11 11:21:24,688] {dag.py:2379} INFO - Sync 1 DAGs
[2025-02-11 11:21:24,715] {logging_mixin.py:115} INFO - [2025-02-11 11:21:24,715] {dag.py:2931} INFO - Setting next_dagrun for grippe_ETL_pipeline to 2025-02-11T11:00:00+00:00, run_after=2025-02-11T12:00:00+00:00
[2025-02-11 11:21:24,730] {processor.py:161} INFO - Processing /opt/airflow/dags/ETL_Vaccin.py took 0.515 seconds
[2025-02-11 11:21:54,866] {processor.py:153} INFO - Started process (PID=1510) to work on /opt/airflow/dags/ETL_Vaccin.py
[2025-02-11 11:21:54,867] {processor.py:641} INFO - Processing file /opt/airflow/dags/ETL_Vaccin.py for tasks to queue
[2025-02-11 11:21:54,868] {logging_mixin.py:115} INFO - [2025-02-11 11:21:54,868] {dagbag.py:507} INFO - Filling up the DagBag from /opt/airflow/dags/ETL_Vaccin.py
[2025-02-11 11:21:55,312] {processor.py:651} INFO - DAG(s) dict_keys(['grippe_ETL_pipeline']) retrieved from /opt/airflow/dags/ETL_Vaccin.py
[2025-02-11 11:21:55,342] {logging_mixin.py:115} INFO - [2025-02-11 11:21:55,341] {dag.py:2379} INFO - Sync 1 DAGs
[2025-02-11 11:21:55,369] {logging_mixin.py:115} INFO - [2025-02-11 11:21:55,369] {dag.py:2931} INFO - Setting next_dagrun for grippe_ETL_pipeline to 2025-02-11T11:00:00+00:00, run_after=2025-02-11T12:00:00+00:00
[2025-02-11 11:21:55,384] {processor.py:161} INFO - Processing /opt/airflow/dags/ETL_Vaccin.py took 0.524 seconds
[2025-02-11 11:22:25,475] {processor.py:153} INFO - Started process (PID=1543) to work on /opt/airflow/dags/ETL_Vaccin.py
[2025-02-11 11:22:25,476] {processor.py:641} INFO - Processing file /opt/airflow/dags/ETL_Vaccin.py for tasks to queue
[2025-02-11 11:22:25,477] {logging_mixin.py:115} INFO - [2025-02-11 11:22:25,477] {dagbag.py:507} INFO - Filling up the DagBag from /opt/airflow/dags/ETL_Vaccin.py
[2025-02-11 11:22:25,925] {processor.py:651} INFO - DAG(s) dict_keys(['grippe_ETL_pipeline']) retrieved from /opt/airflow/dags/ETL_Vaccin.py
[2025-02-11 11:22:25,956] {logging_mixin.py:115} INFO - [2025-02-11 11:22:25,956] {dag.py:2379} INFO - Sync 1 DAGs
[2025-02-11 11:22:25,983] {logging_mixin.py:115} INFO - [2025-02-11 11:22:25,983] {dag.py:2931} INFO - Setting next_dagrun for grippe_ETL_pipeline to 2025-02-11T11:00:00+00:00, run_after=2025-02-11T12:00:00+00:00
[2025-02-11 11:22:25,998] {processor.py:161} INFO - Processing /opt/airflow/dags/ETL_Vaccin.py took 0.527 seconds
[2025-02-11 11:22:56,117] {processor.py:153} INFO - Started process (PID=1574) to work on /opt/airflow/dags/ETL_Vaccin.py
[2025-02-11 11:22:56,119] {processor.py:641} INFO - Processing file /opt/airflow/dags/ETL_Vaccin.py for tasks to queue
[2025-02-11 11:22:56,120] {logging_mixin.py:115} INFO - [2025-02-11 11:22:56,120] {dagbag.py:507} INFO - Filling up the DagBag from /opt/airflow/dags/ETL_Vaccin.py
[2025-02-11 11:22:56,613] {processor.py:651} INFO - DAG(s) dict_keys(['grippe_ETL_pipeline']) retrieved from /opt/airflow/dags/ETL_Vaccin.py
[2025-02-11 11:22:56,646] {logging_mixin.py:115} INFO - [2025-02-11 11:22:56,646] {dag.py:2379} INFO - Sync 1 DAGs
[2025-02-11 11:22:56,680] {logging_mixin.py:115} INFO - [2025-02-11 11:22:56,680] {dag.py:2931} INFO - Setting next_dagrun for grippe_ETL_pipeline to 2025-02-11T11:00:00+00:00, run_after=2025-02-11T12:00:00+00:00
[2025-02-11 11:22:56,698] {processor.py:161} INFO - Processing /opt/airflow/dags/ETL_Vaccin.py took 0.586 seconds
[2025-02-11 11:23:26,822] {processor.py:153} INFO - Started process (PID=1600) to work on /opt/airflow/dags/ETL_Vaccin.py
[2025-02-11 11:23:26,823] {processor.py:641} INFO - Processing file /opt/airflow/dags/ETL_Vaccin.py for tasks to queue
[2025-02-11 11:23:26,824] {logging_mixin.py:115} INFO - [2025-02-11 11:23:26,824] {dagbag.py:507} INFO - Filling up the DagBag from /opt/airflow/dags/ETL_Vaccin.py
[2025-02-11 11:23:27,428] {processor.py:651} INFO - DAG(s) dict_keys(['grippe_ETL_pipeline']) retrieved from /opt/airflow/dags/ETL_Vaccin.py
[2025-02-11 11:23:27,462] {logging_mixin.py:115} INFO - [2025-02-11 11:23:27,461] {dag.py:2379} INFO - Sync 1 DAGs
[2025-02-11 11:23:27,495] {logging_mixin.py:115} INFO - [2025-02-11 11:23:27,494] {dag.py:2931} INFO - Setting next_dagrun for grippe_ETL_pipeline to 2025-02-11T11:00:00+00:00, run_after=2025-02-11T12:00:00+00:00
[2025-02-11 11:23:27,511] {processor.py:161} INFO - Processing /opt/airflow/dags/ETL_Vaccin.py took 0.694 seconds
[2025-02-11 11:23:57,695] {processor.py:153} INFO - Started process (PID=1633) to work on /opt/airflow/dags/ETL_Vaccin.py
[2025-02-11 11:23:57,696] {processor.py:641} INFO - Processing file /opt/airflow/dags/ETL_Vaccin.py for tasks to queue
[2025-02-11 11:23:57,697] {logging_mixin.py:115} INFO - [2025-02-11 11:23:57,697] {dagbag.py:507} INFO - Filling up the DagBag from /opt/airflow/dags/ETL_Vaccin.py
[2025-02-11 11:23:58,300] {processor.py:651} INFO - DAG(s) dict_keys(['grippe_ETL_pipeline']) retrieved from /opt/airflow/dags/ETL_Vaccin.py
[2025-02-11 11:23:58,330] {logging_mixin.py:115} INFO - [2025-02-11 11:23:58,329] {dag.py:2379} INFO - Sync 1 DAGs
[2025-02-11 11:23:58,356] {logging_mixin.py:115} INFO - [2025-02-11 11:23:58,356] {dag.py:2931} INFO - Setting next_dagrun for grippe_ETL_pipeline to 2025-02-11T11:00:00+00:00, run_after=2025-02-11T12:00:00+00:00
[2025-02-11 11:23:58,371] {processor.py:161} INFO - Processing /opt/airflow/dags/ETL_Vaccin.py took 0.680 seconds
[2025-02-11 11:24:28,515] {processor.py:153} INFO - Started process (PID=1657) to work on /opt/airflow/dags/ETL_Vaccin.py
[2025-02-11 11:24:28,516] {processor.py:641} INFO - Processing file /opt/airflow/dags/ETL_Vaccin.py for tasks to queue
[2025-02-11 11:24:28,518] {logging_mixin.py:115} INFO - [2025-02-11 11:24:28,517] {dagbag.py:507} INFO - Filling up the DagBag from /opt/airflow/dags/ETL_Vaccin.py
[2025-02-11 11:24:29,119] {processor.py:651} INFO - DAG(s) dict_keys(['grippe_ETL_pipeline']) retrieved from /opt/airflow/dags/ETL_Vaccin.py
[2025-02-11 11:24:29,152] {logging_mixin.py:115} INFO - [2025-02-11 11:24:29,151] {dag.py:2379} INFO - Sync 1 DAGs
[2025-02-11 11:24:29,184] {logging_mixin.py:115} INFO - [2025-02-11 11:24:29,184] {dag.py:2931} INFO - Setting next_dagrun for grippe_ETL_pipeline to 2025-02-11T11:00:00+00:00, run_after=2025-02-11T12:00:00+00:00
[2025-02-11 11:24:29,203] {processor.py:161} INFO - Processing /opt/airflow/dags/ETL_Vaccin.py took 0.693 seconds
[2025-02-11 11:24:59,341] {processor.py:153} INFO - Started process (PID=1690) to work on /opt/airflow/dags/ETL_Vaccin.py
[2025-02-11 11:24:59,342] {processor.py:641} INFO - Processing file /opt/airflow/dags/ETL_Vaccin.py for tasks to queue
[2025-02-11 11:24:59,343] {logging_mixin.py:115} INFO - [2025-02-11 11:24:59,343] {dagbag.py:507} INFO - Filling up the DagBag from /opt/airflow/dags/ETL_Vaccin.py
[2025-02-11 11:24:59,927] {processor.py:651} INFO - DAG(s) dict_keys(['grippe_ETL_pipeline']) retrieved from /opt/airflow/dags/ETL_Vaccin.py
[2025-02-11 11:24:59,957] {logging_mixin.py:115} INFO - [2025-02-11 11:24:59,957] {dag.py:2379} INFO - Sync 1 DAGs
[2025-02-11 11:24:59,986] {logging_mixin.py:115} INFO - [2025-02-11 11:24:59,986] {dag.py:2931} INFO - Setting next_dagrun for grippe_ETL_pipeline to 2025-02-11T11:00:00+00:00, run_after=2025-02-11T12:00:00+00:00
[2025-02-11 11:25:00,004] {processor.py:161} INFO - Processing /opt/airflow/dags/ETL_Vaccin.py took 0.668 seconds
[2025-02-11 11:25:30,143] {processor.py:153} INFO - Started process (PID=1714) to work on /opt/airflow/dags/ETL_Vaccin.py
[2025-02-11 11:25:30,144] {processor.py:641} INFO - Processing file /opt/airflow/dags/ETL_Vaccin.py for tasks to queue
[2025-02-11 11:25:30,145] {logging_mixin.py:115} INFO - [2025-02-11 11:25:30,145] {dagbag.py:507} INFO - Filling up the DagBag from /opt/airflow/dags/ETL_Vaccin.py
[2025-02-11 11:25:30,618] {processor.py:651} INFO - DAG(s) dict_keys(['grippe_ETL_pipeline']) retrieved from /opt/airflow/dags/ETL_Vaccin.py
[2025-02-11 11:25:30,652] {logging_mixin.py:115} INFO - [2025-02-11 11:25:30,651] {dag.py:2379} INFO - Sync 1 DAGs
[2025-02-11 11:25:30,681] {logging_mixin.py:115} INFO - [2025-02-11 11:25:30,681] {dag.py:2931} INFO - Setting next_dagrun for grippe_ETL_pipeline to 2025-02-11T11:00:00+00:00, run_after=2025-02-11T12:00:00+00:00
[2025-02-11 11:25:30,696] {processor.py:161} INFO - Processing /opt/airflow/dags/ETL_Vaccin.py took 0.559 seconds
[2025-02-11 11:26:00,877] {processor.py:153} INFO - Started process (PID=1747) to work on /opt/airflow/dags/ETL_Vaccin.py
[2025-02-11 11:26:00,878] {processor.py:641} INFO - Processing file /opt/airflow/dags/ETL_Vaccin.py for tasks to queue
[2025-02-11 11:26:00,879] {logging_mixin.py:115} INFO - [2025-02-11 11:26:00,879] {dagbag.py:507} INFO - Filling up the DagBag from /opt/airflow/dags/ETL_Vaccin.py
[2025-02-11 11:26:01,356] {processor.py:651} INFO - DAG(s) dict_keys(['grippe_ETL_pipeline']) retrieved from /opt/airflow/dags/ETL_Vaccin.py
[2025-02-11 11:26:01,386] {logging_mixin.py:115} INFO - [2025-02-11 11:26:01,385] {dag.py:2379} INFO - Sync 1 DAGs
[2025-02-11 11:26:01,415] {logging_mixin.py:115} INFO - [2025-02-11 11:26:01,415] {dag.py:2931} INFO - Setting next_dagrun for grippe_ETL_pipeline to 2025-02-11T11:00:00+00:00, run_after=2025-02-11T12:00:00+00:00
[2025-02-11 11:26:01,430] {processor.py:161} INFO - Processing /opt/airflow/dags/ETL_Vaccin.py took 0.559 seconds
[2025-02-11 11:26:31,589] {processor.py:153} INFO - Started process (PID=1771) to work on /opt/airflow/dags/ETL_Vaccin.py
[2025-02-11 11:26:31,591] {processor.py:641} INFO - Processing file /opt/airflow/dags/ETL_Vaccin.py for tasks to queue
[2025-02-11 11:26:31,592] {logging_mixin.py:115} INFO - [2025-02-11 11:26:31,592] {dagbag.py:507} INFO - Filling up the DagBag from /opt/airflow/dags/ETL_Vaccin.py
[2025-02-11 11:26:32,033] {processor.py:651} INFO - DAG(s) dict_keys(['grippe_ETL_pipeline']) retrieved from /opt/airflow/dags/ETL_Vaccin.py
[2025-02-11 11:26:32,063] {logging_mixin.py:115} INFO - [2025-02-11 11:26:32,062] {dag.py:2379} INFO - Sync 1 DAGs
[2025-02-11 11:26:32,089] {logging_mixin.py:115} INFO - [2025-02-11 11:26:32,089] {dag.py:2931} INFO - Setting next_dagrun for grippe_ETL_pipeline to 2025-02-11T11:00:00+00:00, run_after=2025-02-11T12:00:00+00:00
[2025-02-11 11:26:32,104] {processor.py:161} INFO - Processing /opt/airflow/dags/ETL_Vaccin.py took 0.520 seconds
[2025-02-11 11:27:02,179] {processor.py:153} INFO - Started process (PID=1804) to work on /opt/airflow/dags/ETL_Vaccin.py
[2025-02-11 11:27:02,180] {processor.py:641} INFO - Processing file /opt/airflow/dags/ETL_Vaccin.py for tasks to queue
[2025-02-11 11:27:02,182] {logging_mixin.py:115} INFO - [2025-02-11 11:27:02,181] {dagbag.py:507} INFO - Filling up the DagBag from /opt/airflow/dags/ETL_Vaccin.py
[2025-02-11 11:27:02,688] {processor.py:651} INFO - DAG(s) dict_keys(['grippe_ETL_pipeline']) retrieved from /opt/airflow/dags/ETL_Vaccin.py
[2025-02-11 11:27:02,721] {logging_mixin.py:115} INFO - [2025-02-11 11:27:02,720] {dag.py:2379} INFO - Sync 1 DAGs
[2025-02-11 11:27:02,748] {logging_mixin.py:115} INFO - [2025-02-11 11:27:02,748] {dag.py:2931} INFO - Setting next_dagrun for grippe_ETL_pipeline to 2025-02-11T11:00:00+00:00, run_after=2025-02-11T12:00:00+00:00
[2025-02-11 11:27:02,764] {processor.py:161} INFO - Processing /opt/airflow/dags/ETL_Vaccin.py took 0.591 seconds
[2025-02-11 11:27:32,898] {processor.py:153} INFO - Started process (PID=1837) to work on /opt/airflow/dags/ETL_Vaccin.py
[2025-02-11 11:27:32,900] {processor.py:641} INFO - Processing file /opt/airflow/dags/ETL_Vaccin.py for tasks to queue
[2025-02-11 11:27:32,901] {logging_mixin.py:115} INFO - [2025-02-11 11:27:32,901] {dagbag.py:507} INFO - Filling up the DagBag from /opt/airflow/dags/ETL_Vaccin.py
[2025-02-11 11:27:33,636] {processor.py:651} INFO - DAG(s) dict_keys(['grippe_ETL_pipeline']) retrieved from /opt/airflow/dags/ETL_Vaccin.py
[2025-02-11 11:27:33,668] {logging_mixin.py:115} INFO - [2025-02-11 11:27:33,668] {dag.py:2379} INFO - Sync 1 DAGs
[2025-02-11 11:27:33,700] {logging_mixin.py:115} INFO - [2025-02-11 11:27:33,699] {dag.py:2931} INFO - Setting next_dagrun for grippe_ETL_pipeline to 2025-02-11T11:00:00+00:00, run_after=2025-02-11T12:00:00+00:00
[2025-02-11 11:27:33,717] {processor.py:161} INFO - Processing /opt/airflow/dags/ETL_Vaccin.py took 0.824 seconds
