[2025-02-11 10:58:47,294] {manager.py:480} INFO - Processing files using up to 2 processes at a time 
[2025-02-11 10:58:47,296] {manager.py:481} INFO - Process each file at most once every 30 seconds
[2025-02-11 10:58:47,300] {manager.py:483} INFO - Checking for new files in /opt/airflow/dags every 300 seconds
[2025-02-11 10:58:47,301] {manager.py:690} INFO - Searching for files in /opt/airflow/dags
[2025-02-11 10:58:47,335] {manager.py:693} INFO - There are 1 files in /opt/airflow/dags
[2025-02-11 10:58:47,408] {manager.py:809} INFO - 
================================================================================
DAG File Processing Stats

File Path                          PID  Runtime      # DAGs    # Errors  Last Runtime    Last Run
-------------------------------  -----  ---------  --------  ----------  --------------  ----------
/opt/airflow/dags/ETL_Vaccin.py    179  0.02s             0           0
================================================================================
[2025-02-11 10:59:17,503] {manager.py:809} INFO - 
================================================================================
DAG File Processing Stats

File Path                        PID    Runtime      # DAGs    # Errors  Last Runtime    Last Run
-------------------------------  -----  ---------  --------  ----------  --------------  -------------------
/opt/airflow/dags/ETL_Vaccin.py                           1           0  2.49s           2025-02-11T10:58:49
================================================================================
[2025-02-11 10:59:47,619] {manager.py:809} INFO - 
================================================================================
DAG File Processing Stats

File Path                        PID    Runtime      # DAGs    # Errors  Last Runtime    Last Run
-------------------------------  -----  ---------  --------  ----------  --------------  -------------------
/opt/airflow/dags/ETL_Vaccin.py                           1           0  0.59s           2025-02-11T10:59:20
================================================================================
[2025-02-11 11:00:17,725] {manager.py:809} INFO - 
================================================================================
DAG File Processing Stats

File Path                        PID    Runtime      # DAGs    # Errors  Last Runtime    Last Run
-------------------------------  -----  ---------  --------  ----------  --------------  -------------------
/opt/airflow/dags/ETL_Vaccin.py                           1           0  0.54s           2025-02-11T10:59:51
================================================================================
[2025-02-11 11:00:47,846] {manager.py:809} INFO - 
================================================================================
DAG File Processing Stats

File Path                        PID    Runtime      # DAGs    # Errors  Last Runtime    Last Run
-------------------------------  -----  ---------  --------  ----------  --------------  -------------------
/opt/airflow/dags/ETL_Vaccin.py                           1           0  0.75s           2025-02-11T11:00:22
================================================================================
[2025-02-11 11:01:17,855] {manager.py:809} INFO - 
================================================================================
DAG File Processing Stats

File Path                        PID    Runtime      # DAGs    # Errors  Last Runtime    Last Run
-------------------------------  -----  ---------  --------  ----------  --------------  -------------------
/opt/airflow/dags/ETL_Vaccin.py                           1           0  0.63s           2025-02-11T11:00:52
================================================================================
[2025-02-11 11:01:48,344] {manager.py:809} INFO - 
================================================================================
DAG File Processing Stats

File Path                        PID    Runtime      # DAGs    # Errors  Last Runtime    Last Run
-------------------------------  -----  ---------  --------  ----------  --------------  -------------------
/opt/airflow/dags/ETL_Vaccin.py                           1           0  0.62s           2025-02-11T11:01:23
================================================================================
[2025-02-11 11:02:18,441] {manager.py:809} INFO - 
================================================================================
DAG File Processing Stats

File Path                        PID    Runtime      # DAGs    # Errors  Last Runtime    Last Run
-------------------------------  -----  ---------  --------  ----------  --------------  -------------------
/opt/airflow/dags/ETL_Vaccin.py                           1           0  0.76s           2025-02-11T11:01:54
================================================================================
[2025-02-11 11:02:48,471] {manager.py:809} INFO - 
================================================================================
DAG File Processing Stats

File Path                        PID    Runtime      # DAGs    # Errors  Last Runtime    Last Run
-------------------------------  -----  ---------  --------  ----------  --------------  -------------------
/opt/airflow/dags/ETL_Vaccin.py                           1           0  0.65s           2025-02-11T11:02:25
================================================================================
[2025-02-11 11:03:18,756] {manager.py:809} INFO - 
================================================================================
DAG File Processing Stats

File Path                        PID    Runtime      # DAGs    # Errors  Last Runtime    Last Run
-------------------------------  -----  ---------  --------  ----------  --------------  -------------------
/opt/airflow/dags/ETL_Vaccin.py                           1           0  0.67s           2025-02-11T11:02:56
================================================================================
[2025-02-11 11:03:47,853] {manager.py:690} INFO - Searching for files in /opt/airflow/dags
[2025-02-11 11:03:47,869] {manager.py:693} INFO - There are 1 files in /opt/airflow/dags
[2025-02-11 11:03:48,889] {manager.py:809} INFO - 
================================================================================
DAG File Processing Stats

File Path                        PID    Runtime      # DAGs    # Errors  Last Runtime    Last Run
-------------------------------  -----  ---------  --------  ----------  --------------  -------------------
/opt/airflow/dags/ETL_Vaccin.py                           1           0  0.81s           2025-02-11T11:03:27
================================================================================
[2025-02-11 11:04:19,033] {manager.py:809} INFO - 
================================================================================
DAG File Processing Stats

File Path                        PID    Runtime      # DAGs    # Errors  Last Runtime    Last Run
-------------------------------  -----  ---------  --------  ----------  --------------  -------------------
/opt/airflow/dags/ETL_Vaccin.py                           1           0  0.72s           2025-02-11T11:03:57
================================================================================
[2025-02-11 11:04:49,327] {manager.py:809} INFO - 
================================================================================
DAG File Processing Stats

File Path                        PID    Runtime      # DAGs    # Errors  Last Runtime    Last Run
-------------------------------  -----  ---------  --------  ----------  --------------  -------------------
/opt/airflow/dags/ETL_Vaccin.py                           1           0  0.64s           2025-02-11T11:04:28
================================================================================
[2025-02-11 11:05:19,414] {manager.py:809} INFO - 
================================================================================
DAG File Processing Stats

File Path                        PID    Runtime      # DAGs    # Errors  Last Runtime    Last Run
-------------------------------  -----  ---------  --------  ----------  --------------  -------------------
/opt/airflow/dags/ETL_Vaccin.py                           1           0  0.73s           2025-02-11T11:04:59
================================================================================
[2025-02-11 11:05:49,671] {manager.py:809} INFO - 
================================================================================
DAG File Processing Stats

File Path                        PID    Runtime      # DAGs    # Errors  Last Runtime    Last Run
-------------------------------  -----  ---------  --------  ----------  --------------  -------------------
/opt/airflow/dags/ETL_Vaccin.py                           1           0  0.66s           2025-02-11T11:05:30
================================================================================
[2025-02-11 11:06:19,824] {manager.py:809} INFO - 
================================================================================
DAG File Processing Stats

File Path                        PID    Runtime      # DAGs    # Errors  Last Runtime    Last Run
-------------------------------  -----  ---------  --------  ----------  --------------  -------------------
/opt/airflow/dags/ETL_Vaccin.py                           1           0  0.66s           2025-02-11T11:06:01
================================================================================
[2025-02-11 11:06:49,930] {manager.py:809} INFO - 
================================================================================
DAG File Processing Stats

File Path                        PID    Runtime      # DAGs    # Errors  Last Runtime    Last Run
-------------------------------  -----  ---------  --------  ----------  --------------  -------------------
/opt/airflow/dags/ETL_Vaccin.py                           1           0  0.75s           2025-02-11T11:06:31
================================================================================
[2025-02-11 11:07:20,270] {manager.py:809} INFO - 
================================================================================
DAG File Processing Stats

File Path                        PID    Runtime      # DAGs    # Errors  Last Runtime    Last Run
-------------------------------  -----  ---------  --------  ----------  --------------  -------------------
/opt/airflow/dags/ETL_Vaccin.py                           1           0  0.63s           2025-02-11T11:07:02
================================================================================
[2025-02-11 11:07:50,381] {manager.py:809} INFO - 
================================================================================
DAG File Processing Stats

File Path                        PID    Runtime      # DAGs    # Errors  Last Runtime    Last Run
-------------------------------  -----  ---------  --------  ----------  --------------  -------------------
/opt/airflow/dags/ETL_Vaccin.py                           1           0  0.65s           2025-02-11T11:07:33
================================================================================
[2025-02-11 11:08:20,529] {manager.py:809} INFO - 
================================================================================
DAG File Processing Stats

File Path                        PID    Runtime      # DAGs    # Errors  Last Runtime    Last Run
-------------------------------  -----  ---------  --------  ----------  --------------  -------------------
/opt/airflow/dags/ETL_Vaccin.py                           1           0  0.56s           2025-02-11T11:08:03
================================================================================
[2025-02-11 11:08:48,618] {manager.py:690} INFO - Searching for files in /opt/airflow/dags
[2025-02-11 11:08:48,640] {manager.py:693} INFO - There are 1 files in /opt/airflow/dags
[2025-02-11 11:08:50,673] {manager.py:809} INFO - 
================================================================================
DAG File Processing Stats

File Path                        PID    Runtime      # DAGs    # Errors  Last Runtime    Last Run
-------------------------------  -----  ---------  --------  ----------  --------------  -------------------
/opt/airflow/dags/ETL_Vaccin.py                           1           0  0.62s           2025-02-11T11:08:34
================================================================================
[2025-02-11 11:09:20,842] {manager.py:809} INFO - 
================================================================================
DAG File Processing Stats

File Path                        PID    Runtime      # DAGs    # Errors  Last Runtime    Last Run
-------------------------------  -----  ---------  --------  ----------  --------------  -------------------
/opt/airflow/dags/ETL_Vaccin.py                           1           0  0.68s           2025-02-11T11:09:05
================================================================================
[2025-02-11 11:09:50,970] {manager.py:809} INFO - 
================================================================================
DAG File Processing Stats

File Path                        PID    Runtime      # DAGs    # Errors  Last Runtime    Last Run
-------------------------------  -----  ---------  --------  ----------  --------------  -------------------
/opt/airflow/dags/ETL_Vaccin.py                           1           0  0.66s           2025-02-11T11:09:36
================================================================================
[2025-02-11 11:10:20,978] {manager.py:809} INFO - 
================================================================================
DAG File Processing Stats

File Path                        PID    Runtime      # DAGs    # Errors  Last Runtime    Last Run
-------------------------------  -----  ---------  --------  ----------  --------------  -------------------
/opt/airflow/dags/ETL_Vaccin.py                           1           0  0.56s           2025-02-11T11:10:06
================================================================================
[2025-02-11 11:10:51,534] {manager.py:809} INFO - 
================================================================================
DAG File Processing Stats

File Path                        PID    Runtime      # DAGs    # Errors  Last Runtime    Last Run
-------------------------------  -----  ---------  --------  ----------  --------------  -------------------
/opt/airflow/dags/ETL_Vaccin.py                           1           0  0.59s           2025-02-11T11:10:37
================================================================================
[2025-02-11 11:11:21,757] {manager.py:809} INFO - 
================================================================================
DAG File Processing Stats

File Path                        PID    Runtime      # DAGs    # Errors  Last Runtime    Last Run
-------------------------------  -----  ---------  --------  ----------  --------------  -------------------
/opt/airflow/dags/ETL_Vaccin.py                           1           0  1.30s           2025-02-11T11:11:09
================================================================================
[2025-02-11 11:11:51,869] {manager.py:809} INFO - 
================================================================================
DAG File Processing Stats

File Path                        PID    Runtime      # DAGs    # Errors  Last Runtime    Last Run
-------------------------------  -----  ---------  --------  ----------  --------------  -------------------
/opt/airflow/dags/ETL_Vaccin.py                           1           0  0.82s           2025-02-11T11:11:39
================================================================================
[2025-02-11 11:12:22,048] {manager.py:809} INFO - 
================================================================================
DAG File Processing Stats

File Path                        PID    Runtime      # DAGs    # Errors  Last Runtime    Last Run
-------------------------------  -----  ---------  --------  ----------  --------------  -------------------
/opt/airflow/dags/ETL_Vaccin.py                           1           0  0.83s           2025-02-11T11:12:10
================================================================================
[2025-02-11 11:12:52,233] {manager.py:809} INFO - 
================================================================================
DAG File Processing Stats

File Path                        PID    Runtime      # DAGs    # Errors  Last Runtime    Last Run
-------------------------------  -----  ---------  --------  ----------  --------------  -------------------
/opt/airflow/dags/ETL_Vaccin.py                           1           0  0.68s           2025-02-11T11:12:41
================================================================================
[2025-02-11 11:13:22,327] {manager.py:809} INFO - 
================================================================================
DAG File Processing Stats

File Path                        PID    Runtime      # DAGs    # Errors  Last Runtime    Last Run
-------------------------------  -----  ---------  --------  ----------  --------------  -------------------
/opt/airflow/dags/ETL_Vaccin.py                           1           0  0.77s           2025-02-11T11:13:12
================================================================================
[2025-02-11 11:13:48,965] {manager.py:690} INFO - Searching for files in /opt/airflow/dags
[2025-02-11 11:13:48,993] {manager.py:693} INFO - There are 1 files in /opt/airflow/dags
[2025-02-11 11:13:52,491] {manager.py:809} INFO - 
================================================================================
DAG File Processing Stats

File Path                        PID    Runtime      # DAGs    # Errors  Last Runtime    Last Run
-------------------------------  -----  ---------  --------  ----------  --------------  -------------------
/opt/airflow/dags/ETL_Vaccin.py                           1           0  0.55s           2025-02-11T11:13:42
================================================================================
[2025-02-11 11:14:22,584] {manager.py:809} INFO - 
================================================================================
DAG File Processing Stats

File Path                        PID    Runtime      # DAGs    # Errors  Last Runtime    Last Run
-------------------------------  -----  ---------  --------  ----------  --------------  -------------------
/opt/airflow/dags/ETL_Vaccin.py                           1           0  0.66s           2025-02-11T11:14:13
================================================================================
[2025-02-11 11:14:52,886] {manager.py:809} INFO - 
================================================================================
DAG File Processing Stats

File Path                        PID    Runtime      # DAGs    # Errors  Last Runtime    Last Run
-------------------------------  -----  ---------  --------  ----------  --------------  -------------------
/opt/airflow/dags/ETL_Vaccin.py                           1           0  0.63s           2025-02-11T11:14:44
================================================================================
[2025-02-11 11:15:22,973] {manager.py:809} INFO - 
================================================================================
DAG File Processing Stats

File Path                        PID    Runtime      # DAGs    # Errors  Last Runtime    Last Run
-------------------------------  -----  ---------  --------  ----------  --------------  -------------------
/opt/airflow/dags/ETL_Vaccin.py                           1           0  0.56s           2025-02-11T11:15:15
================================================================================
[2025-02-11 11:15:53,274] {manager.py:809} INFO - 
================================================================================
DAG File Processing Stats

File Path                        PID    Runtime      # DAGs    # Errors  Last Runtime    Last Run
-------------------------------  -----  ---------  --------  ----------  --------------  -------------------
/opt/airflow/dags/ETL_Vaccin.py                           1           0  0.60s           2025-02-11T11:15:45
================================================================================
[2025-02-11 11:16:23,373] {manager.py:809} INFO - 
================================================================================
DAG File Processing Stats

File Path                        PID    Runtime      # DAGs    # Errors  Last Runtime    Last Run
-------------------------------  -----  ---------  --------  ----------  --------------  -------------------
/opt/airflow/dags/ETL_Vaccin.py                           1           0  0.63s           2025-02-11T11:16:16
================================================================================
[2025-02-11 11:16:53,694] {manager.py:809} INFO - 
================================================================================
DAG File Processing Stats

File Path                        PID    Runtime      # DAGs    # Errors  Last Runtime    Last Run
-------------------------------  -----  ---------  --------  ----------  --------------  -------------------
/opt/airflow/dags/ETL_Vaccin.py                           1           0  0.58s           2025-02-11T11:16:47
================================================================================
[2025-02-11 11:17:23,886] {manager.py:809} INFO - 
================================================================================
DAG File Processing Stats

File Path                        PID    Runtime      # DAGs    # Errors  Last Runtime    Last Run
-------------------------------  -----  ---------  --------  ----------  --------------  -------------------
/opt/airflow/dags/ETL_Vaccin.py                           1           0  0.65s           2025-02-11T11:17:17
================================================================================
[2025-02-11 11:17:54,127] {manager.py:809} INFO - 
================================================================================
DAG File Processing Stats

File Path                        PID    Runtime      # DAGs    # Errors  Last Runtime    Last Run
-------------------------------  -----  ---------  --------  ----------  --------------  -------------------
/opt/airflow/dags/ETL_Vaccin.py                           1           0  0.71s           2025-02-11T11:17:48
================================================================================
[2025-02-11 11:18:24,211] {manager.py:809} INFO - 
================================================================================
DAG File Processing Stats

File Path                        PID    Runtime      # DAGs    # Errors  Last Runtime    Last Run
-------------------------------  -----  ---------  --------  ----------  --------------  -------------------
/opt/airflow/dags/ETL_Vaccin.py                           1           0  0.63s           2025-02-11T11:18:19
================================================================================
[2025-02-11 11:18:49,294] {manager.py:690} INFO - Searching for files in /opt/airflow/dags
[2025-02-11 11:18:49,313] {manager.py:693} INFO - There are 1 files in /opt/airflow/dags
[2025-02-11 11:18:54,686] {manager.py:809} INFO - 
================================================================================
DAG File Processing Stats

File Path                        PID    Runtime      # DAGs    # Errors  Last Runtime    Last Run
-------------------------------  -----  ---------  --------  ----------  --------------  -------------------
/opt/airflow/dags/ETL_Vaccin.py                           1           0  1.04s           2025-02-11T11:18:50
================================================================================
[2025-02-11 11:19:24,690] {manager.py:809} INFO - 
================================================================================
DAG File Processing Stats

File Path                        PID    Runtime      # DAGs    # Errors  Last Runtime    Last Run
-------------------------------  -----  ---------  --------  ----------  --------------  -------------------
/opt/airflow/dags/ETL_Vaccin.py                           1           0  0.89s           2025-02-11T11:19:21
================================================================================
[2025-02-11 11:19:54,902] {manager.py:809} INFO - 
================================================================================
DAG File Processing Stats

File Path                        PID    Runtime      # DAGs    # Errors  Last Runtime    Last Run
-------------------------------  -----  ---------  --------  ----------  --------------  -------------------
/opt/airflow/dags/ETL_Vaccin.py                           1           0  0.60s           2025-02-11T11:19:52
================================================================================
[2025-02-11 11:20:25,002] {manager.py:809} INFO - 
================================================================================
DAG File Processing Stats

File Path                        PID    Runtime      # DAGs    # Errors  Last Runtime    Last Run
-------------------------------  -----  ---------  --------  ----------  --------------  -------------------
/opt/airflow/dags/ETL_Vaccin.py                           1           0  0.86s           2025-02-11T11:20:23
================================================================================
[2025-02-11 11:20:55,100] {manager.py:809} INFO - 
================================================================================
DAG File Processing Stats

File Path                        PID    Runtime      # DAGs    # Errors  Last Runtime    Last Run
-------------------------------  -----  ---------  --------  ----------  --------------  -------------------
/opt/airflow/dags/ETL_Vaccin.py                           1           0  0.58s           2025-02-11T11:20:54
================================================================================
[2025-02-11 11:21:25,232] {manager.py:809} INFO - 
================================================================================
DAG File Processing Stats

File Path                        PID    Runtime      # DAGs    # Errors  Last Runtime    Last Run
-------------------------------  -----  ---------  --------  ----------  --------------  -------------------
/opt/airflow/dags/ETL_Vaccin.py                           1           0  0.55s           2025-02-11T11:21:24
================================================================================
[2025-02-11 11:21:55,346] {manager.py:809} INFO - 
================================================================================
DAG File Processing Stats

File Path                          PID  Runtime      # DAGs    # Errors  Last Runtime    Last Run
-------------------------------  -----  ---------  --------  ----------  --------------  -------------------
/opt/airflow/dags/ETL_Vaccin.py   1510  0.51s             1           0  0.55s           2025-02-11T11:21:24
================================================================================
[2025-02-11 11:22:25,462] {manager.py:809} INFO - 
================================================================================
DAG File Processing Stats

File Path                          PID  Runtime      # DAGs    # Errors  Last Runtime    Last Run
-------------------------------  -----  ---------  --------  ----------  --------------  -------------------
/opt/airflow/dags/ETL_Vaccin.py   1543  0.00s             1           0  0.56s           2025-02-11T11:21:55
================================================================================
[2025-02-11 11:22:55,563] {manager.py:809} INFO - 
================================================================================
DAG File Processing Stats

File Path                        PID    Runtime      # DAGs    # Errors  Last Runtime    Last Run
-------------------------------  -----  ---------  --------  ----------  --------------  -------------------
/opt/airflow/dags/ETL_Vaccin.py                           1           0  0.56s           2025-02-11T11:22:26
================================================================================
[2025-02-11 11:23:25,675] {manager.py:809} INFO - 
================================================================================
DAG File Processing Stats

File Path                        PID    Runtime      # DAGs    # Errors  Last Runtime    Last Run
-------------------------------  -----  ---------  --------  ----------  --------------  -------------------
/opt/airflow/dags/ETL_Vaccin.py                           1           0  0.62s           2025-02-11T11:22:56
================================================================================
[2025-02-11 11:23:49,591] {manager.py:690} INFO - Searching for files in /opt/airflow/dags
[2025-02-11 11:23:49,620] {manager.py:693} INFO - There are 1 files in /opt/airflow/dags
[2025-02-11 11:23:55,879] {manager.py:809} INFO - 
================================================================================
DAG File Processing Stats

File Path                        PID    Runtime      # DAGs    # Errors  Last Runtime    Last Run
-------------------------------  -----  ---------  --------  ----------  --------------  -------------------
/opt/airflow/dags/ETL_Vaccin.py                           1           0  0.73s           2025-02-11T11:23:27
================================================================================
[2025-02-11 11:24:25,974] {manager.py:809} INFO - 
================================================================================
DAG File Processing Stats

File Path                        PID    Runtime      # DAGs    # Errors  Last Runtime    Last Run
-------------------------------  -----  ---------  --------  ----------  --------------  -------------------
/opt/airflow/dags/ETL_Vaccin.py                           1           0  0.71s           2025-02-11T11:23:58
================================================================================
[2025-02-11 11:24:56,079] {manager.py:809} INFO - 
================================================================================
DAG File Processing Stats

File Path                        PID    Runtime      # DAGs    # Errors  Last Runtime    Last Run
-------------------------------  -----  ---------  --------  ----------  --------------  -------------------
/opt/airflow/dags/ETL_Vaccin.py                           1           0  0.73s           2025-02-11T11:24:29
================================================================================
[2025-02-11 11:25:26,100] {manager.py:809} INFO - 
================================================================================
DAG File Processing Stats

File Path                        PID    Runtime      # DAGs    # Errors  Last Runtime    Last Run
-------------------------------  -----  ---------  --------  ----------  --------------  -------------------
/opt/airflow/dags/ETL_Vaccin.py                           1           0  0.70s           2025-02-11T11:25:00
================================================================================
[2025-02-11 11:25:56,530] {manager.py:809} INFO - 
================================================================================
DAG File Processing Stats

File Path                        PID    Runtime      # DAGs    # Errors  Last Runtime    Last Run
-------------------------------  -----  ---------  --------  ----------  --------------  -------------------
/opt/airflow/dags/ETL_Vaccin.py                           1           0  0.60s           2025-02-11T11:25:30
================================================================================
[2025-02-11 11:26:26,543] {manager.py:809} INFO - 
================================================================================
DAG File Processing Stats

File Path                        PID    Runtime      # DAGs    # Errors  Last Runtime    Last Run
-------------------------------  -----  ---------  --------  ----------  --------------  -------------------
/opt/airflow/dags/ETL_Vaccin.py                           1           0  0.60s           2025-02-11T11:26:01
================================================================================
[2025-02-11 11:26:57,131] {manager.py:809} INFO - 
================================================================================
DAG File Processing Stats

File Path                        PID    Runtime      # DAGs    # Errors  Last Runtime    Last Run
-------------------------------  -----  ---------  --------  ----------  --------------  -------------------
/opt/airflow/dags/ETL_Vaccin.py                           1           0  0.56s           2025-02-11T11:26:32
================================================================================
[2025-02-11 11:27:27,272] {manager.py:809} INFO - 
================================================================================
DAG File Processing Stats

File Path                        PID    Runtime      # DAGs    # Errors  Last Runtime    Last Run
-------------------------------  -----  ---------  --------  ----------  --------------  -------------------
/opt/airflow/dags/ETL_Vaccin.py                           1           0  0.63s           2025-02-11T11:27:02
================================================================================
[2025-02-11 11:27:40,100] {manager.py:462} INFO - Exiting gracefully upon receiving signal 15
