[2025-02-11 11:00:58,990] {taskinstance.py:1159} INFO - Dependencies all met for <TaskInstance: grippe_ETL_pipeline.load_vaccins2023 manual__2025-02-11T11:00:46.370922+00:00 [queued]>
[2025-02-11 11:00:59,006] {taskinstance.py:1159} INFO - Dependencies all met for <TaskInstance: grippe_ETL_pipeline.load_vaccins2023 manual__2025-02-11T11:00:46.370922+00:00 [queued]>
[2025-02-11 11:00:59,006] {taskinstance.py:1356} INFO - 
--------------------------------------------------------------------------------
[2025-02-11 11:00:59,007] {taskinstance.py:1357} INFO - Starting attempt 1 of 4
[2025-02-11 11:00:59,007] {taskinstance.py:1358} INFO - 
--------------------------------------------------------------------------------
[2025-02-11 11:00:59,032] {taskinstance.py:1377} INFO - Executing <Task(PythonOperator): load_vaccins2023> on 2025-02-11 11:00:46.370922+00:00
[2025-02-11 11:00:59,039] {standard_task_runner.py:52} INFO - Started process 342 to run task
[2025-02-11 11:00:59,046] {standard_task_runner.py:79} INFO - Running: ['***', 'tasks', 'run', 'grippe_ETL_pipeline', 'load_vaccins2023', 'manual__2025-02-11T11:00:46.370922+00:00', '--job-id', '51', '--raw', '--subdir', 'DAGS_FOLDER/ETL_Vaccin.py', '--cfg-path', '/tmp/tmpk2ws5zc8', '--error-file', '/tmp/tmpud72n2c9']
[2025-02-11 11:00:59,048] {standard_task_runner.py:80} INFO - Job 51: Subtask load_vaccins2023
[2025-02-11 11:00:59,189] {task_command.py:370} INFO - Running <TaskInstance: grippe_ETL_pipeline.load_vaccins2023 manual__2025-02-11T11:00:46.370922+00:00 [running]> on host 976dfa0d1440
[2025-02-11 11:00:59,375] {taskinstance.py:1571} INFO - Exporting the following env vars:
AIRFLOW_CTX_DAG_OWNER=***
AIRFLOW_CTX_DAG_ID=grippe_ETL_pipeline
AIRFLOW_CTX_TASK_ID=load_vaccins2023
AIRFLOW_CTX_EXECUTION_DATE=2025-02-11T11:00:46.370922+00:00
AIRFLOW_CTX_TRY_NUMBER=1
AIRFLOW_CTX_DAG_RUN_ID=manual__2025-02-11T11:00:46.370922+00:00
[2025-02-11 11:01:00,293] {logging_mixin.py:115} INFO - ✅ Chargement réussi dans la table grippe_vaccins2023 (52 lignes)
[2025-02-11 11:01:00,294] {python.py:173} INFO - Done. Returned value was: None
[2025-02-11 11:01:00,330] {taskinstance.py:1400} INFO - Marking task as SUCCESS. dag_id=grippe_ETL_pipeline, task_id=load_vaccins2023, execution_date=20250211T110046, start_date=20250211T110058, end_date=20250211T110100
[2025-02-11 11:01:00,389] {local_task_job.py:156} INFO - Task exited with return code 0
[2025-02-11 11:01:00,486] {local_task_job.py:273} INFO - 0 downstream tasks scheduled from follow-on schedule check
