[2025-02-11 11:00:51,164] {taskinstance.py:1159} INFO - Dependencies all met for <TaskInstance: grippe_ETL_pipeline.transform_vaccins2023 scheduled__2025-02-11T10:00:00+00:00 [queued]>
[2025-02-11 11:00:51,179] {taskinstance.py:1159} INFO - Dependencies all met for <TaskInstance: grippe_ETL_pipeline.transform_vaccins2023 scheduled__2025-02-11T10:00:00+00:00 [queued]>
[2025-02-11 11:00:51,180] {taskinstance.py:1356} INFO - 
--------------------------------------------------------------------------------
[2025-02-11 11:00:51,181] {taskinstance.py:1357} INFO - Starting attempt 1 of 4
[2025-02-11 11:00:51,181] {taskinstance.py:1358} INFO - 
--------------------------------------------------------------------------------
[2025-02-11 11:00:51,201] {taskinstance.py:1377} INFO - Executing <Task(PythonOperator): transform_vaccins2023> on 2025-02-11 10:00:00+00:00
[2025-02-11 11:00:51,206] {standard_task_runner.py:52} INFO - Started process 304 to run task
[2025-02-11 11:00:51,211] {standard_task_runner.py:79} INFO - Running: ['***', 'tasks', 'run', 'grippe_ETL_pipeline', 'transform_vaccins2023', 'scheduled__2025-02-11T10:00:00+00:00', '--job-id', '43', '--raw', '--subdir', 'DAGS_FOLDER/ETL_Vaccin.py', '--cfg-path', '/tmp/tmphfcp7pw3', '--error-file', '/tmp/tmp3rvlxl95']
[2025-02-11 11:00:51,213] {standard_task_runner.py:80} INFO - Job 43: Subtask transform_vaccins2023
[2025-02-11 11:00:51,299] {task_command.py:370} INFO - Running <TaskInstance: grippe_ETL_pipeline.transform_vaccins2023 scheduled__2025-02-11T10:00:00+00:00 [running]> on host 976dfa0d1440
[2025-02-11 11:00:51,411] {taskinstance.py:1571} INFO - Exporting the following env vars:
AIRFLOW_CTX_DAG_OWNER=***
AIRFLOW_CTX_DAG_ID=grippe_ETL_pipeline
AIRFLOW_CTX_TASK_ID=transform_vaccins2023
AIRFLOW_CTX_EXECUTION_DATE=2025-02-11T10:00:00+00:00
AIRFLOW_CTX_TRY_NUMBER=1
AIRFLOW_CTX_DAG_RUN_ID=scheduled__2025-02-11T10:00:00+00:00
[2025-02-11 11:00:51,465] {logging_mixin.py:115} INFO - ✅ VACCINS2023 - Fichier TRANSFORMÉ sauvegardé : data/transformed_vaccins2023_20250211_110051.csv (52 lignes)
[2025-02-11 11:00:51,466] {python.py:173} INFO - Done. Returned value was: None
[2025-02-11 11:00:51,484] {taskinstance.py:1400} INFO - Marking task as SUCCESS. dag_id=grippe_ETL_pipeline, task_id=transform_vaccins2023, execution_date=20250211T100000, start_date=20250211T110051, end_date=20250211T110051
[2025-02-11 11:00:51,513] {local_task_job.py:156} INFO - Task exited with return code 0
[2025-02-11 11:00:51,569] {local_task_job.py:273} INFO - 1 downstream tasks scheduled from follow-on schedule check
