[2025-02-11 11:00:55,114] {taskinstance.py:1159} INFO - Dependencies all met for <TaskInstance: grippe_ETL_pipeline.extract_vaccins2023 manual__2025-02-11T11:00:46.370922+00:00 [queued]>
[2025-02-11 11:00:55,127] {taskinstance.py:1159} INFO - Dependencies all met for <TaskInstance: grippe_ETL_pipeline.extract_vaccins2023 manual__2025-02-11T11:00:46.370922+00:00 [queued]>
[2025-02-11 11:00:55,128] {taskinstance.py:1356} INFO - 
--------------------------------------------------------------------------------
[2025-02-11 11:00:55,128] {taskinstance.py:1357} INFO - Starting attempt 1 of 4
[2025-02-11 11:00:55,128] {taskinstance.py:1358} INFO - 
--------------------------------------------------------------------------------
[2025-02-11 11:00:55,147] {taskinstance.py:1377} INFO - Executing <Task(PythonOperator): extract_vaccins2023> on 2025-02-11 11:00:46.370922+00:00
[2025-02-11 11:00:55,153] {standard_task_runner.py:52} INFO - Started process 321 to run task
[2025-02-11 11:00:55,157] {standard_task_runner.py:79} INFO - Running: ['***', 'tasks', 'run', 'grippe_ETL_pipeline', 'extract_vaccins2023', 'manual__2025-02-11T11:00:46.370922+00:00', '--job-id', '46', '--raw', '--subdir', 'DAGS_FOLDER/ETL_Vaccin.py', '--cfg-path', '/tmp/tmpkuzux9i3', '--error-file', '/tmp/tmpho40vwuu']
[2025-02-11 11:00:55,159] {standard_task_runner.py:80} INFO - Job 46: Subtask extract_vaccins2023
[2025-02-11 11:00:55,244] {task_command.py:370} INFO - Running <TaskInstance: grippe_ETL_pipeline.extract_vaccins2023 manual__2025-02-11T11:00:46.370922+00:00 [running]> on host 976dfa0d1440
[2025-02-11 11:00:55,360] {taskinstance.py:1571} INFO - Exporting the following env vars:
AIRFLOW_CTX_DAG_OWNER=***
AIRFLOW_CTX_DAG_ID=grippe_ETL_pipeline
AIRFLOW_CTX_TASK_ID=extract_vaccins2023
AIRFLOW_CTX_EXECUTION_DATE=2025-02-11T11:00:46.370922+00:00
AIRFLOW_CTX_TRY_NUMBER=1
AIRFLOW_CTX_DAG_RUN_ID=manual__2025-02-11T11:00:46.370922+00:00
[2025-02-11 11:00:55,593] {ETL_Vaccin.py:43} INFO - ✅ VACCINS2023 - Fichier RAW sauvegardé : data/raw_vaccins2023_20250211_110055.csv
[2025-02-11 11:00:55,594] {python.py:173} INFO - Done. Returned value was: None
[2025-02-11 11:00:55,617] {taskinstance.py:1400} INFO - Marking task as SUCCESS. dag_id=grippe_ETL_pipeline, task_id=extract_vaccins2023, execution_date=20250211T110046, start_date=20250211T110055, end_date=20250211T110055
[2025-02-11 11:00:55,665] {local_task_job.py:156} INFO - Task exited with return code 0
[2025-02-11 11:00:55,727] {local_task_job.py:273} INFO - 1 downstream tasks scheduled from follow-on schedule check
